TN:
SF:./app/js/arethusa.artificial_token.js
FNF:0
FNH:0
DA:2,1
LF:1
LH:1
BRF:0
BRH:0
end_of_record
TN:
SF:./app/js/arethusa.comments.js
FNF:0
FNH:0
DA:2,1
LF:1
LH:1
BRF:0
BRH:0
end_of_record
TN:
SF:./app/js/arethusa.conf_editor.js
FNF:0
FNH:0
DA:2,1
LF:1
LH:1
BRF:0
BRH:0
end_of_record
TN:
SF:./app/js/arethusa.constituents.js
FNF:0
FNH:0
DA:2,1
LF:1
LH:1
BRF:0
BRH:0
end_of_record
TN:
SF:./app/js/arethusa.context_menu.js
FNF:0
FNH:0
DA:2,1
LF:1
LH:1
BRF:0
BRH:0
end_of_record
TN:
SF:./app/js/arethusa.core.js
FNF:0
FNH:0
DA:8,1
LF:1
LH:1
BRF:0
BRH:0
end_of_record
TN:
SF:./app/js/arethusa.dep_tree.js
FNF:0
FNH:0
DA:2,1
LF:1
LH:1
BRF:0
BRH:0
end_of_record
TN:
SF:./app/js/arethusa.exercise.js
FNF:0
FNH:0
DA:5,1
LF:1
LH:1
BRF:0
BRH:0
end_of_record
TN:
SF:./app/js/arethusa.hebrew_morph.js
FNF:0
FNH:0
DA:2,1
LF:1
LH:1
BRF:0
BRH:0
end_of_record
TN:
SF:./app/js/arethusa.history.js
FNF:0
FNH:0
DA:2,1
LF:1
LH:1
BRF:0
BRH:0
end_of_record
TN:
SF:./app/js/arethusa.js
FN:31,(anonymous_1)
FN:64,Arethusa
FN:69,Api
FN:75,(anonymous_4)
FN:79,(anonymous_5)
FN:83,(anonymous_6)
FN:87,(anonymous_7)
FN:91,(anonymous_8)
FN:101,(anonymous_9)
FN:105,(anonymous_10)
FN:110,(anonymous_11)
FN:115,(anonymous_12)
FNF:12
FNH:2
FNDA:35,(anonymous_1)
FNDA:1,Arethusa
FNDA:0,Api
FNDA:0,(anonymous_4)
FNDA:0,(anonymous_5)
FNDA:0,(anonymous_6)
FNDA:0,(anonymous_7)
FNDA:0,(anonymous_8)
FNDA:0,(anonymous_9)
FNDA:0,(anonymous_10)
FNDA:0,(anonymous_11)
FNDA:0,(anonymous_12)
DA:11,1
DA:21,1
DA:23,1
DA:33,35
DA:34,0
DA:35,0
DA:37,0
DA:41,35
DA:42,35
DA:43,245
DA:44,245
DA:47,35
DA:58,35
DA:62,1
DA:64,1
DA:65,1
DA:67,1
DA:69,1
DA:70,0
DA:71,0
DA:73,0
DA:75,0
DA:76,0
DA:79,0
DA:80,0
DA:83,0
DA:84,0
DA:87,0
DA:88,0
DA:91,0
DA:92,0
DA:93,0
DA:96,0
DA:101,1
DA:102,0
DA:105,1
DA:106,0
DA:107,0
DA:110,1
DA:111,0
DA:112,0
DA:113,0
DA:114,0
DA:115,0
DA:116,0
DA:117,0
DA:119,0
DA:120,0
DA:121,0
DA:123,0
DA:125,0
DA:128,0
DA:132,1
LF:53
LH:19
BRDA:33,1,0,0
BRDA:33,1,1,35
BRDA:112,2,0,0
BRDA:112,2,1,0
BRF:4
BRH:1
end_of_record
TN:
SF:./app/js/arethusa.morph.js
FNF:0
FNH:0
DA:2,1
LF:1
LH:1
BRF:0
BRH:0
end_of_record
TN:
SF:./app/js/arethusa.opendata_network.js
FNF:0
FNH:0
DA:2,1
LF:1
LH:1
BRF:0
BRH:0
end_of_record
TN:
SF:./app/js/arethusa.relation.js
FNF:0
FNH:0
DA:2,1
LF:1
LH:1
BRF:0
BRH:0
end_of_record
TN:
SF:./app/js/arethusa.review.js
FNF:0
FNH:0
DA:2,1
LF:1
LH:1
BRF:0
BRH:0
end_of_record
TN:
SF:./app/js/arethusa.search.js
FNF:0
FNH:0
DA:2,1
LF:1
LH:1
BRF:0
BRH:0
end_of_record
TN:
SF:./app/js/arethusa.sg.js
FNF:0
FNH:0
DA:3,1
LF:1
LH:1
BRF:0
BRH:0
end_of_record
TN:
SF:./app/js/arethusa.text.js
FNF:0
FNH:0
DA:3,1
LF:1
LH:1
BRF:0
BRH:0
end_of_record
TN:
SF:./app/js/arethusa.tools.js
FNF:0
FNH:0
DA:1,1
LF:1
LH:1
BRF:0
BRH:0
end_of_record
TN:
SF:./app/js/arethusa.util.js
FNF:0
FNH:0
DA:8,1
LF:1
LH:1
BRF:0
BRH:0
end_of_record
TN:
SF:./app/js/arethusa.artificial_token/artificial_token.js
FN:8,(anonymous_1)
FN:20,configure
FN:28,addDefaultInsertionPoint
FN:38,resetModel
FN:43,ArtificialToken
FN:56,(anonymous_6)
FN:60,(anonymous_7)
FN:64,(anonymous_8)
FN:73,setString
FN:80,findNextPlacerHolderCount
FN:81,(anonymous_11)
FN:90,(anonymous_12)
FN:94,recountATs
FN:98,findArtificialTokensInState
FN:99,(anonymous_15)
FN:106,addArtificialToken
FN:111,removeArtificialToken
FN:118,findNextNewId
FN:126,handleTerminatorState
FN:147,(anonymous_20)
FN:165,(anonymous_21)
FN:169,(anonymous_22)
FN:183,(anonymous_23)
FNF:23
FNH:0
FNDA:0,(anonymous_1)
FNDA:0,configure
FNDA:0,addDefaultInsertionPoint
FNDA:0,resetModel
FNDA:0,ArtificialToken
FNDA:0,(anonymous_6)
FNDA:0,(anonymous_7)
FNDA:0,(anonymous_8)
FNDA:0,setString
FNDA:0,findNextPlacerHolderCount
FNDA:0,(anonymous_11)
FNDA:0,(anonymous_12)
FNDA:0,recountATs
FNDA:0,findArtificialTokensInState
FNDA:0,(anonymous_15)
FNDA:0,addArtificialToken
FNDA:0,removeArtificialToken
FNDA:0,findNextNewId
FNDA:0,handleTerminatorState
FNDA:0,(anonymous_20)
FNDA:0,(anonymous_21)
FNDA:0,(anonymous_22)
FNDA:0,(anonymous_23)
DA:3,1
DA:9,0
DA:10,0
DA:12,0
DA:16,0
DA:20,1
DA:21,0
DA:22,0
DA:23,0
DA:24,0
DA:25,0
DA:28,1
DA:29,0
DA:30,0
DA:31,0
DA:32,0
DA:33,0
DA:38,1
DA:39,0
DA:40,0
DA:43,1
DA:44,0
DA:45,0
DA:46,0
DA:47,0
DA:48,0
DA:51,0
DA:56,0
DA:57,0
DA:60,0
DA:61,0
DA:64,0
DA:65,0
DA:66,0
DA:68,0
DA:72,0
DA:73,1
DA:74,0
DA:75,0
DA:76,0
DA:80,1
DA:81,0
DA:82,0
DA:83,0
DA:84,0
DA:87,0
DA:90,0
DA:91,0
DA:94,1
DA:95,0
DA:98,1
DA:99,0
DA:100,0
DA:101,0
DA:106,1
DA:107,0
DA:108,0
DA:111,1
DA:112,0
DA:113,0
DA:116,0
DA:118,1
DA:119,0
DA:120,0
DA:121,0
DA:123,0
DA:126,1
DA:127,0
DA:128,0
DA:129,0
DA:130,0
DA:131,0
DA:136,0
DA:137,0
DA:138,0
DA:139,0
DA:145,0
DA:147,0
DA:148,0
DA:149,0
DA:150,0
DA:151,0
DA:152,0
DA:153,0
DA:155,0
DA:156,0
DA:157,0
DA:159,0
DA:161,0
DA:162,0
DA:165,0
DA:166,0
DA:169,0
DA:170,0
DA:173,0
DA:183,0
DA:184,0
DA:185,0
DA:186,0
LF:99
LH:13
BRDA:29,1,0,0
BRDA:29,1,1,0
BRDA:40,2,0,0
BRDA:40,2,1,0
BRDA:46,3,0,0
BRDA:46,3,1,0
BRDA:65,4,0,0
BRDA:65,4,1,0
BRDA:74,5,0,0
BRDA:74,5,1,0
BRDA:83,6,0,0
BRDA:83,6,1,0
BRDA:87,7,0,0
BRDA:87,7,1,0
BRDA:91,8,0,0
BRDA:91,8,1,0
BRDA:100,9,0,0
BRDA:100,9,1,0
BRDA:127,10,0,0
BRDA:127,10,1,0
BRDA:129,11,0,0
BRDA:129,11,1,0
BRDA:137,12,0,0
BRDA:137,12,1,0
BRDA:151,13,0,0
BRDA:151,13,1,0
BRDA:152,14,0,0
BRDA:152,14,1,0
BRF:28
BRH:0
end_of_record
TN:
SF:./app/js/arethusa.artificial_token/directives/articial_token_insertion_pointer.js
FN:7,(anonymous_1)
FN:11,(anonymous_2)
FN:19,updateAndTrigger
FN:20,(anonymous_4)
FN:30,setInsertDirText
FN:37,tokens
FN:43,(anonymous_7)
FN:50,(anonymous_8)
FN:55,leaveSelectMode
FN:61,setInsertionPoint
FN:65,setWatch
FN:66,(anonymous_12)
FN:78,(anonymous_13)
FNF:13
FNH:0
FNDA:0,(anonymous_1)
FNDA:0,(anonymous_2)
FNDA:0,updateAndTrigger
FNDA:0,(anonymous_4)
FNDA:0,setInsertDirText
FNDA:0,tokens
FNDA:0,(anonymous_7)
FNDA:0,(anonymous_8)
FNDA:0,leaveSelectMode
FNDA:0,setInsertionPoint
FNDA:0,setWatch
FNDA:0,(anonymous_12)
FNDA:0,(anonymous_13)
DA:3,1
DA:8,0
DA:12,0
DA:13,0
DA:14,0
DA:16,0
DA:18,0
DA:19,1
DA:20,0
DA:21,0
DA:22,0
DA:25,0
DA:26,0
DA:27,0
DA:28,0
DA:30,1
DA:31,0
DA:32,0
DA:33,0
DA:34,0
DA:37,1
DA:38,0
DA:41,0
DA:43,0
DA:44,0
DA:45,0
DA:46,0
DA:47,0
DA:50,0
DA:51,0
DA:52,0
DA:55,1
DA:56,0
DA:57,0
DA:58,0
DA:61,1
DA:62,0
DA:65,1
DA:66,0
DA:67,0
DA:68,0
DA:69,0
DA:70,0
DA:71,0
DA:72,0
DA:78,0
DA:79,0
DA:82,0
DA:84,0
LF:49
LH:7
BRDA:31,1,0,0
BRDA:31,1,1,0
BRDA:34,2,0,0
BRDA:34,2,1,0
BRDA:68,3,0,0
BRDA:68,3,1,0
BRF:6
BRH:0
end_of_record
TN:
SF:./app/js/arethusa.artificial_token/directives/artificial_token_edit.js
FN:7,(anonymous_1)
FN:13,(anonymous_2)
FN:18,(anonymous_3)
FN:25,(anonymous_4)
FN:27,(anonymous_5)
FNF:5
FNH:0
FNDA:0,(anonymous_1)
FNDA:0,(anonymous_2)
FNDA:0,(anonymous_3)
FNDA:0,(anonymous_4)
FNDA:0,(anonymous_5)
DA:3,1
DA:8,0
DA:14,0
DA:15,0
DA:16,0
DA:18,0
DA:19,0
DA:24,0
DA:25,0
DA:26,0
DA:27,0
DA:28,0
LF:12
LH:1
BRDA:26,1,0,0
BRDA:26,1,1,0
BRF:2
BRH:0
end_of_record
TN:
SF:./app/js/arethusa.artificial_token/directives/artificial_token_list.js
FN:6,(anonymous_1)
FN:10,(anonymous_2)
FN:12,(anonymous_3)
FNF:3
FNH:0
FNDA:0,(anonymous_1)
FNDA:0,(anonymous_2)
FNDA:0,(anonymous_3)
DA:3,1
DA:7,0
DA:11,0
DA:12,0
DA:13,0
LF:5
LH:1
BRF:0
BRH:0
end_of_record
TN:
SF:./app/js/arethusa.comments/comments.js
FN:11,(anonymous_1)
FN:34,configure
FN:41,retrieveComments
FN:44,(anonymous_4)
FN:51,fullText
FN:52,(anonymous_6)
FN:57,addToIndex
FN:63,(anonymous_8)
FN:68,lunrIndex
FN:69,(anonymous_10)
FN:75,createIndices
FN:82,getFromIndex
FN:83,(anonymous_13)
FN:88,selectionFilter
FN:90,(anonymous_15)
FN:96,searchText
FN:103,(anonymous_17)
FN:107,filteredComments
FN:119,(anonymous_19)
FN:123,(anonymous_20)
FN:128,(anonymous_21)
FN:135,Comment
FN:147,saveSuccess
FN:148,(anonymous_24)
FN:162,saveError
FN:167,(anonymous_26)
FN:172,(anonymous_27)
FN:180,openCommentField
FN:189,(anonymous_29)
FN:197,(anonymous_30)
FNF:30
FNH:0
FNDA:0,(anonymous_1)
FNDA:0,configure
FNDA:0,retrieveComments
FNDA:0,(anonymous_4)
FNDA:0,fullText
FNDA:0,(anonymous_6)
FNDA:0,addToIndex
FNDA:0,(anonymous_8)
FNDA:0,lunrIndex
FNDA:0,(anonymous_10)
FNDA:0,createIndices
FNDA:0,getFromIndex
FNDA:0,(anonymous_13)
FNDA:0,selectionFilter
FNDA:0,(anonymous_15)
FNDA:0,searchText
FNDA:0,(anonymous_17)
FNDA:0,filteredComments
FNDA:0,(anonymous_19)
FNDA:0,(anonymous_20)
FNDA:0,(anonymous_21)
FNDA:0,Comment
FNDA:0,saveSuccess
FNDA:0,(anonymous_24)
FNDA:0,saveError
FNDA:0,(anonymous_26)
FNDA:0,(anonymous_27)
FNDA:0,openCommentField
FNDA:0,(anonymous_29)
FNDA:0,(anonymous_30)
DA:3,1
DA:13,0
DA:14,0
DA:16,0
DA:17,0
DA:18,0
DA:19,0
DA:21,0
DA:25,0
DA:26,0
DA:28,0
DA:34,1
DA:35,0
DA:36,0
DA:37,0
DA:41,1
DA:42,0
DA:43,0
DA:44,0
DA:45,0
DA:46,0
DA:47,0
DA:51,1
DA:52,0
DA:53,0
DA:57,1
DA:58,0
DA:59,0
DA:60,0
DA:61,0
DA:63,0
DA:64,0
DA:68,1
DA:69,0
DA:70,0
DA:71,0
DA:75,1
DA:76,0
DA:77,0
DA:78,0
DA:79,0
DA:82,1
DA:83,0
DA:84,0
DA:88,1
DA:89,0
DA:90,0
DA:91,0
DA:93,0
DA:96,1
DA:100,0
DA:102,0
DA:103,0
DA:104,0
DA:107,1
DA:108,0
DA:109,0
DA:111,0
DA:112,0
DA:113,0
DA:114,0
DA:115,0
DA:119,0
DA:120,0
DA:123,0
DA:124,0
DA:125,0
DA:126,0
DA:127,0
DA:128,0
DA:129,0
DA:132,0
DA:135,1
DA:136,0
DA:137,0
DA:138,0
DA:141,0
DA:147,1
DA:148,0
DA:152,0
DA:153,0
DA:155,0
DA:157,0
DA:158,0
DA:162,1
DA:163,0
DA:167,0
DA:168,0
DA:169,0
DA:172,0
DA:173,0
DA:174,0
DA:175,0
DA:176,0
DA:177,0
DA:180,1
DA:181,0
DA:182,0
DA:183,0
DA:185,0
DA:189,0
DA:190,0
DA:197,0
DA:198,0
DA:199,0
LF:105
LH:15
BRDA:100,1,0,0
BRDA:100,1,1,0
BRDA:100,2,0,0
BRDA:100,2,1,0
BRDA:104,3,0,0
BRDA:104,3,1,0
BRDA:111,4,0,0
BRDA:111,4,1,0
BRDA:111,5,0,0
BRDA:111,5,1,0
BRDA:113,6,0,0
BRDA:113,6,1,0
BRDA:114,7,0,0
BRDA:114,7,1,0
BRDA:120,8,0,0
BRDA:120,8,1,0
BRDA:126,9,0,0
BRDA:126,9,1,0
BRDA:152,10,0,0
BRDA:152,10,1,0
BRDA:181,11,0,0
BRDA:181,11,1,0
BRF:22
BRH:0
end_of_record
TN:
SF:./app/js/arethusa.comments/comments_retriever.js
FN:7,(anonymous_1)
FN:11,splitIdAndComment
FN:20,lastIndexOfHeaderSection
FN:27,WrappedComment
FN:32,addComments
FN:40,(anonymous_6)
FN:62,sameSpan
FN:74,parseComment
FN:81,parseComments
FN:86,sortCommentsOfChunk
FN:87,(anonymous_11)
FN:93,sortComments
FN:97,addFakeIdsAndStrings
FN:100,(anonymous_14)
FN:108,(anonymous_15)
FN:112,(anonymous_16)
FN:116,(anonymous_17)
FN:124,(anonymous_18)
FN:126,(anonymous_19)
FN:131,(anonymous_20)
FNF:20
FNH:0
FNDA:0,(anonymous_1)
FNDA:0,splitIdAndComment
FNDA:0,lastIndexOfHeaderSection
FNDA:0,WrappedComment
FNDA:0,addComments
FNDA:0,(anonymous_6)
FNDA:0,sameSpan
FNDA:0,parseComment
FNDA:0,parseComments
FNDA:0,sortCommentsOfChunk
FNDA:0,(anonymous_11)
FNDA:0,sortComments
FNDA:0,addFakeIdsAndStrings
FNDA:0,(anonymous_14)
FNDA:0,(anonymous_15)
FNDA:0,(anonymous_16)
FNDA:0,(anonymous_17)
FNDA:0,(anonymous_18)
FNDA:0,(anonymous_19)
FNDA:0,(anonymous_20)
DA:3,1
DA:8,0
DA:9,0
DA:11,1
DA:12,0
DA:13,0
DA:14,0
DA:15,0
DA:16,0
DA:17,0
DA:20,1
DA:21,0
DA:24,0
DA:27,1
DA:28,0
DA:29,0
DA:32,1
DA:35,0
DA:37,0
DA:39,0
DA:40,0
DA:41,0
DA:44,0
DA:45,0
DA:46,0
DA:47,0
DA:50,0
DA:51,0
DA:52,0
DA:56,0
DA:57,0
DA:59,0
DA:62,1
DA:63,0
DA:64,0
DA:65,0
DA:66,0
DA:67,0
DA:68,0
DA:71,0
DA:74,1
DA:75,0
DA:76,0
DA:77,0
DA:78,0
DA:81,1
DA:82,0
DA:83,0
DA:86,1
DA:87,0
DA:88,0
DA:93,1
DA:94,0
DA:97,1
DA:98,0
DA:99,0
DA:100,0
DA:101,0
DA:103,0
DA:104,0
DA:105,0
DA:108,0
DA:109,0
DA:110,0
DA:112,0
DA:113,0
DA:114,0
DA:116,0
DA:117,0
DA:118,0
DA:120,0
DA:124,0
DA:125,0
DA:126,0
DA:127,0
DA:131,0
DA:132,0
LF:77
LH:11
BRDA:17,1,0,0
BRDA:17,1,1,0
BRDA:24,2,0,0
BRDA:24,2,1,0
BRDA:35,3,0,0
BRDA:35,3,1,0
BRDA:45,4,0,0
BRDA:45,4,1,0
BRDA:51,5,0,0
BRDA:51,5,1,0
BRDA:66,6,0,0
BRDA:66,6,1,0
BRDA:113,7,0,0
BRDA:113,7,1,0
BRF:14
BRH:0
end_of_record
TN:
SF:./app/js/arethusa.comments/directives/comment.js
FN:5,(anonymous_1)
FN:11,(anonymous_2)
FNF:2
FNH:0
FNDA:0,(anonymous_1)
FNDA:0,(anonymous_2)
DA:3,1
DA:6,0
LF:2
LH:1
BRF:0
BRH:0
end_of_record
TN:
SF:./app/js/arethusa.comments/directives/comment_creator.js
FN:6,(anonymous_1)
FN:10,(anonymous_2)
FN:17,currentTokens
FN:21,(anonymous_4)
FN:27,(anonymous_5)
FNF:5
FNH:0
FNDA:0,(anonymous_1)
FNDA:0,(anonymous_2)
FNDA:0,currentTokens
FNDA:0,(anonymous_4)
FNDA:0,(anonymous_5)
DA:3,1
DA:7,0
DA:11,0
DA:13,0
DA:14,0
DA:15,0
DA:17,1
DA:18,0
DA:21,0
DA:22,0
DA:23,0
DA:24,0
DA:27,0
DA:28,0
LF:14
LH:2
BRDA:18,1,0,0
BRDA:18,1,1,0
BRF:2
BRH:0
end_of_record
TN:
SF:./app/js/arethusa.comments/directives/comment_filter.js
FN:7,(anonymous_1)
FN:11,(anonymous_2)
FN:20,addHighlighting
FN:21,(anonymous_4)
FN:26,removeHighlighting
FN:27,(anonymous_6)
FN:33,(anonymous_7)
FN:42,(anonymous_8)
FN:47,(anonymous_9)
FN:52,(anonymous_10)
FNF:10
FNH:0
FNDA:0,(anonymous_1)
FNDA:0,(anonymous_2)
FNDA:0,addHighlighting
FNDA:0,(anonymous_4)
FNDA:0,removeHighlighting
FNDA:0,(anonymous_6)
FNDA:0,(anonymous_7)
FNDA:0,(anonymous_8)
FNDA:0,(anonymous_9)
FNDA:0,(anonymous_10)
DA:3,1
DA:8,0
DA:12,0
DA:13,0
DA:14,0
DA:15,0
DA:17,0
DA:18,0
DA:20,1
DA:21,0
DA:22,0
DA:26,1
DA:27,0
DA:28,0
DA:29,0
DA:33,0
DA:34,0
DA:35,0
DA:37,0
DA:39,0
DA:42,0
DA:43,0
DA:44,0
DA:47,0
DA:48,0
DA:49,0
DA:52,0
DA:53,0
LF:28
LH:3
BRDA:34,1,0,0
BRDA:34,1,1,0
BRF:2
BRH:0
end_of_record
TN:
SF:./app/js/arethusa.comments/directives/comment_input_form.js
FN:6,(anonymous_1)
FN:13,(anonymous_2)
FN:14,(anonymous_3)
FN:15,(anonymous_4)
FN:20,markdownPlaceholder
FNF:5
FNH:0
FNDA:0,(anonymous_1)
FNDA:0,(anonymous_2)
FNDA:0,(anonymous_3)
FNDA:0,(anonymous_4)
FNDA:0,markdownPlaceholder
DA:3,1
DA:7,0
DA:14,0
DA:15,0
DA:16,0
DA:20,1
DA:21,0
DA:24,0
LF:8
LH:2
BRF:0
BRH:0
end_of_record
TN:
SF:./app/js/arethusa.comments/directives/comment_targets.js
FN:6,(anonymous_1)
FN:12,(anonymous_2)
FN:13,ids
FN:14,(anonymous_4)
FNF:4
FNH:0
FNDA:0,(anonymous_1)
FNDA:0,(anonymous_2)
FNDA:0,ids
FNDA:0,(anonymous_4)
DA:3,1
DA:7,0
DA:13,1
DA:14,0
DA:15,0
DA:19,0
LF:6
LH:2
BRF:0
BRH:0
end_of_record
TN:
SF:./app/js/arethusa.comments/directives/comments.js
FN:9,(anonymous_1)
FN:15,(anonymous_2)
FN:17,(anonymous_3)
FN:20,(anonymous_4)
FN:24,(anonymous_5)
FN:25,(anonymous_6)
FNF:6
FNH:0
FNDA:0,(anonymous_1)
FNDA:0,(anonymous_2)
FNDA:0,(anonymous_3)
FNDA:0,(anonymous_4)
FNDA:0,(anonymous_5)
FNDA:0,(anonymous_6)
DA:6,1
DA:10,0
DA:16,0
DA:20,0
DA:21,0
DA:25,0
DA:26,0
LF:7
LH:1
BRF:0
BRH:0
end_of_record
TN:
SF:./app/js/arethusa.comments/directives/commentsOnDocLevel.js
FN:5,(anonymous_1)
FN:9,(anonymous_2)
FN:12,(anonymous_3)
FNF:3
FNH:0
FNDA:0,(anonymous_1)
FNDA:0,(anonymous_2)
FNDA:0,(anonymous_3)
DA:3,1
DA:6,0
DA:10,0
DA:12,0
DA:13,0
LF:5
LH:1
BRF:0
BRH:0
end_of_record
TN:
SF:./app/js/arethusa.conf_editor/conf_editor_ctrl.js
FN:9,(anonymous_1)
FN:16,(anonymous_2)
FN:19,(anonymous_3)
FN:27,(anonymous_4)
FN:30,(anonymous_5)
FN:34,(anonymous_6)
FN:37,(anonymous_7)
FN:40,(anonymous_8)
FN:43,(anonymous_9)
FN:52,(anonymous_10)
FN:55,(anonymous_11)
FN:58,(anonymous_12)
FN:62,(anonymous_13)
FN:70,(anonymous_14)
FN:73,(anonymous_15)
FN:78,(anonymous_16)
FN:81,(anonymous_17)
FN:84,(anonymous_18)
FN:87,createRetrieverConf
FN:91,createResourceConf
FN:97,(anonymous_21)
FN:100,(anonymous_22)
FN:104,(anonymous_23)
FN:108,(anonymous_24)
FN:115,(anonymous_25)
FN:122,(anonymous_26)
FN:126,(anonymous_27)
FN:129,(anonymous_28)
FNF:28
FNH:0
FNDA:0,(anonymous_1)
FNDA:0,(anonymous_2)
FNDA:0,(anonymous_3)
FNDA:0,(anonymous_4)
FNDA:0,(anonymous_5)
FNDA:0,(anonymous_6)
FNDA:0,(anonymous_7)
FNDA:0,(anonymous_8)
FNDA:0,(anonymous_9)
FNDA:0,(anonymous_10)
FNDA:0,(anonymous_11)
FNDA:0,(anonymous_12)
FNDA:0,(anonymous_13)
FNDA:0,(anonymous_14)
FNDA:0,(anonymous_15)
FNDA:0,(anonymous_16)
FNDA:0,(anonymous_17)
FNDA:0,(anonymous_18)
FNDA:0,createRetrieverConf
FNDA:0,createResourceConf
FNDA:0,(anonymous_21)
FNDA:0,(anonymous_22)
FNDA:0,(anonymous_23)
FNDA:0,(anonymous_24)
FNDA:0,(anonymous_25)
FNDA:0,(anonymous_26)
FNDA:0,(anonymous_27)
FNDA:0,(anonymous_28)
DA:2,1
DA:10,0
DA:11,0
DA:16,0
DA:17,0
DA:18,0
DA:19,0
DA:20,0
DA:21,0
DA:22,0
DA:26,0
DA:27,0
DA:28,0
DA:30,0
DA:31,0
DA:34,0
DA:35,0
DA:37,0
DA:38,0
DA:40,0
DA:41,0
DA:43,0
DA:44,0
DA:46,0
DA:52,0
DA:53,0
DA:55,0
DA:56,0
DA:58,0
DA:59,0
DA:62,0
DA:63,0
DA:70,0
DA:71,0
DA:72,0
DA:74,0
DA:75,0
DA:78,0
DA:81,0
DA:82,0
DA:84,0
DA:85,0
DA:87,1
DA:88,0
DA:91,1
DA:92,0
DA:97,0
DA:98,0
DA:100,0
DA:101,0
DA:104,0
DA:105,0
DA:106,0
DA:108,0
DA:109,0
DA:110,0
DA:111,0
DA:114,0
DA:115,0
DA:116,0
DA:117,0
DA:119,0
DA:122,0
DA:123,0
DA:126,0
DA:127,0
DA:129,0
DA:130,0
DA:133,0
LF:69
LH:3
BRDA:18,1,0,0
BRDA:18,1,1,0
BRDA:116,2,0,0
BRDA:116,2,1,0
BRF:4
BRH:0
end_of_record
TN:
SF:./app/js/arethusa.conf_editor/directives/conf_adder.js
FN:2,(anonymous_1)
FN:9,(anonymous_2)
FN:10,(anonymous_3)
FNF:3
FNH:0
FNDA:0,(anonymous_1)
FNDA:0,(anonymous_2)
FNDA:0,(anonymous_3)
DA:2,1
DA:3,0
DA:10,0
DA:13,0
DA:14,0
LF:5
LH:1
BRF:0
BRH:0
end_of_record
TN:
SF:./app/js/arethusa.conf_editor/directives/conf_header.js
FN:2,(anonymous_1)
FNF:1
FNH:0
FNDA:0,(anonymous_1)
DA:2,1
DA:3,0
LF:2
LH:1
BRF:0
BRH:0
end_of_record
TN:
SF:./app/js/arethusa.conf_editor/directives/plugin_conf.js
FN:2,(anonymous_1)
FN:6,(anonymous_2)
FNF:2
FNH:0
FNDA:0,(anonymous_1)
FNDA:0,(anonymous_2)
DA:2,1
DA:3,0
DA:9,0
DA:10,0
DA:11,0
LF:5
LH:1
BRF:0
BRH:0
end_of_record
TN:
SF:./app/js/arethusa.conf_editor/directives/relation_label.js
FN:4,(anonymous_1)
FN:8,(anonymous_2)
FN:10,(anonymous_3)
FNF:3
FNH:0
FNDA:0,(anonymous_1)
FNDA:0,(anonymous_2)
FNDA:0,(anonymous_3)
DA:2,1
DA:5,0
DA:9,0
DA:10,0
DA:11,0
DA:13,0
DA:14,0
DA:15,0
LF:8
LH:1
BRDA:14,1,0,0
BRDA:14,1,1,0
BRF:2
BRH:0
end_of_record
TN:
SF:./app/js/arethusa.conf_editor/directives/resource_conf.js
FN:2,(anonymous_1)
FN:10,(anonymous_2)
FN:12,(anonymous_3)
FN:15,(anonymous_4)
FNF:4
FNH:0
FNDA:0,(anonymous_1)
FNDA:0,(anonymous_2)
FNDA:0,(anonymous_3)
FNDA:0,(anonymous_4)
DA:2,1
DA:3,0
DA:11,0
DA:12,0
DA:13,0
DA:15,0
DA:16,0
LF:7
LH:1
BRF:0
BRH:0
end_of_record
TN:
SF:./app/js/arethusa.conf_editor/directives/retriever_conf.js
FN:2,(anonymous_1)
FN:10,(anonymous_2)
FN:12,(anonymous_3)
FN:15,(anonymous_4)
FNF:4
FNH:0
FNDA:0,(anonymous_1)
FNDA:0,(anonymous_2)
FNDA:0,(anonymous_3)
FNDA:0,(anonymous_4)
DA:2,1
DA:3,0
DA:11,0
DA:12,0
DA:13,0
DA:15,0
DA:16,0
LF:7
LH:1
BRF:0
BRH:0
end_of_record
TN:
SF:./app/js/arethusa.conf_editor/directives/simple_form.js
FN:2,(anonymous_1)
FNF:1
FNH:0
FNDA:0,(anonymous_1)
DA:2,1
DA:3,0
LF:2
LH:1
BRF:0
BRH:0
end_of_record
TN:
SF:./app/js/arethusa.conf_editor/directives/tag_tree.js
FN:2,(anonymous_1)
FN:6,(anonymous_2)
FN:10,(anonymous_3)
FN:18,createNodes
FN:19,(anonymous_5)
FN:27,createEdges
FN:28,(anonymous_7)
FN:30,(anonymous_8)
FN:32,(anonymous_9)
FNF:9
FNH:0
FNDA:0,(anonymous_1)
FNDA:0,(anonymous_2)
FNDA:0,(anonymous_3)
FNDA:0,createNodes
FNDA:0,(anonymous_5)
FNDA:0,createEdges
FNDA:0,(anonymous_7)
FNDA:0,(anonymous_8)
FNDA:0,(anonymous_9)
DA:2,1
DA:3,0
DA:7,0
DA:8,0
DA:9,0
DA:10,0
DA:11,0
DA:12,0
DA:15,0
DA:16,0
DA:17,0
DA:18,1
DA:19,0
DA:20,0
DA:21,0
DA:22,0
DA:23,0
DA:27,1
DA:28,0
DA:30,0
DA:31,0
DA:32,0
DA:33,0
DA:38,0
DA:39,0
DA:40,0
LF:26
LH:3
BRDA:22,1,0,0
BRDA:22,1,1,0
BRDA:31,2,0,0
BRDA:31,2,1,0
BRF:4
BRH:0
end_of_record
TN:
SF:./app/js/arethusa.conf_editor/morph_conf_ctrl.js
FN:4,(anonymous_1)
FN:6,(anonymous_2)
FN:9,(anonymous_3)
FNF:3
FNH:0
FNDA:0,(anonymous_1)
FNDA:0,(anonymous_2)
FNDA:0,(anonymous_3)
DA:2,1
DA:5,0
DA:6,0
DA:7,0
DA:9,0
DA:10,0
LF:6
LH:1
BRDA:7,1,0,0
BRDA:7,1,1,0
BRF:2
BRH:0
end_of_record
TN:
SF:./app/js/arethusa.conf_editor/relation_conf_ctrl.js
FN:4,(anonymous_1)
FNF:1
FNH:0
FNDA:0,(anonymous_1)
DA:2,1
DA:5,0
LF:2
LH:1
BRF:0
BRH:0
end_of_record
TN:
SF:./app/js/arethusa.conf_editor/routes/conf_editor.js
FN:6,(anonymous_1)
FN:8,(anonymous_2)
FNF:2
FNH:0
FNDA:0,(anonymous_1)
FNDA:0,(anonymous_2)
DA:2,1
DA:7,0
DA:8,0
DA:9,0
LF:4
LH:1
BRF:0
BRH:0
end_of_record
TN:
SF:./app/js/arethusa.constituents/constituents.js
FN:6,(anonymous_1)
FN:14,configure
FN:18,(anonymous_3)
FNF:3
FNH:0
FNDA:0,(anonymous_1)
FNDA:0,configure
FNDA:0,(anonymous_3)
DA:3,1
DA:7,0
DA:8,0
DA:10,0
DA:14,1
DA:15,0
DA:18,0
DA:19,0
LF:8
LH:2
BRF:0
BRH:0
end_of_record
TN:
SF:./app/js/arethusa.constituents/directives/constituency_tree.js
FN:8,(anonymous_1)
FN:9,noop
FN:21,(anonymous_3)
FN:24,prefixedId
FN:29,addConstituent
FN:43,constituentPlaceholder
FN:49,createNode
FN:57,addEdge
FN:61,drawEdge
FN:106,insertNodeDirectives
FN:111,insertConstituentDirectives
FN:112,(anonymous_12)
FN:124,constituentNodes
FN:128,compiledConstituent
FN:138,compactTree
FN:144,wideTree
FNF:16
FNH:0
FNDA:0,(anonymous_1)
FNDA:0,noop
FNDA:0,(anonymous_3)
FNDA:0,prefixedId
FNDA:0,addConstituent
FNDA:0,constituentPlaceholder
FNDA:0,createNode
FNDA:0,addEdge
FNDA:0,drawEdge
FNDA:0,insertNodeDirectives
FNDA:0,insertConstituentDirectives
FNDA:0,(anonymous_12)
FNDA:0,constituentNodes
FNDA:0,compiledConstituent
FNDA:0,compactTree
FNDA:0,wideTree
DA:3,1
DA:9,1
DA:13,0
DA:15,0
DA:22,0
DA:24,1
DA:25,0
DA:26,0
DA:29,1
DA:30,0
DA:31,0
DA:32,0
DA:35,0
DA:37,0
DA:43,1
DA:44,0
DA:45,0
DA:49,1
DA:50,0
DA:51,0
DA:53,0
DA:57,1
DA:58,0
DA:61,1
DA:62,0
DA:72,0
DA:74,0
DA:75,0
DA:76,0
DA:79,0
DA:80,0
DA:81,0
DA:82,0
DA:89,0
DA:90,0
DA:93,0
DA:94,0
DA:96,0
DA:97,0
DA:98,0
DA:99,0
DA:102,0
DA:106,1
DA:107,0
DA:108,0
DA:111,1
DA:112,0
DA:118,0
DA:119,0
DA:120,0
DA:124,1
DA:125,0
DA:128,1
DA:129,0
DA:130,0
DA:131,0
DA:133,0
DA:136,0
DA:138,1
DA:139,0
DA:140,0
DA:141,0
DA:144,1
DA:145,0
DA:146,0
DA:147,0
DA:150,0
DA:151,0
DA:152,0
DA:154,0
DA:155,0
DA:157,0
LF:72
LH:14
BRDA:26,1,0,0
BRDA:26,1,1,0
BRDA:50,2,0,0
BRDA:50,2,1,0
BRDA:72,3,0,0
BRDA:72,3,1,0
BRDA:74,4,0,0
BRDA:74,4,1,0
BRDA:76,5,0,0
BRDA:76,5,1,0
BRDA:79,6,0,0
BRDA:79,6,1,0
BRDA:81,7,0,0
BRDA:81,7,1,0
BRDA:94,8,0,0
BRDA:94,8,1,0
BRDA:96,9,0,0
BRDA:96,9,1,0
BRF:18
BRH:0
end_of_record
TN:
SF:./app/js/arethusa.constituents/directives/constituent.js
FN:5,(anonymous_1)
FN:13,(anonymous_2)
FN:14,buildLabel
FN:15,(anonymous_4)
FNF:4
FNH:0
FNDA:0,(anonymous_1)
FNDA:0,(anonymous_2)
FNDA:0,buildLabel
FNDA:0,(anonymous_4)
DA:3,1
DA:6,0
DA:8,0
DA:14,1
DA:15,0
DA:16,0
DA:17,0
DA:21,0
DA:22,0
DA:23,0
LF:10
LH:2
BRDA:17,1,0,0
BRDA:17,1,1,0
BRF:2
BRH:0
end_of_record
TN:
SF:./app/js/arethusa.context_menu/directives/arethusa_context_menu.js
FN:3,(anonymous_1)
FN:10,(anonymous_2)
FNF:2
FNH:0
FNDA:0,(anonymous_1)
FNDA:0,(anonymous_2)
DA:2,1
DA:4,0
LF:2
LH:1
BRF:0
BRH:0
end_of_record
TN:
SF:./app/js/arethusa.context_menu/directives/arethusa_context_menus.js
FN:4,(anonymous_1)
FN:11,(anonymous_2)
FN:12,(anonymous_3)
FNF:3
FNH:0
FNDA:0,(anonymous_1)
FNDA:0,(anonymous_2)
FNDA:0,(anonymous_3)
DA:3,1
DA:5,0
DA:12,0
DA:13,0
LF:4
LH:1
BRF:0
BRH:0
end_of_record
TN:
SF:./app/js/arethusa.context_menu/directives/context_menu.js
FN:2,(anonymous_1)
FN:9,(anonymous_2)
FN:17,(anonymous_3)
FN:21,repositionContextMenu
FN:39,open
FN:55,close
FN:69,closeAndApply
FN:70,(anonymous_8)
FN:75,firefoxDoubleEvent
FN:80,handleOtherClick
FN:91,targetIsChildOfMenu
FN:97,numericClickType
FN:106,(anonymous_13)
FN:116,(anonymous_14)
FN:129,(anonymous_15)
FN:137,(anonymous_16)
FN:144,(anonymous_17)
FNF:17
FNH:0
FNDA:0,(anonymous_1)
FNDA:0,(anonymous_2)
FNDA:0,(anonymous_3)
FNDA:0,repositionContextMenu
FNDA:0,open
FNDA:0,close
FNDA:0,closeAndApply
FNDA:0,(anonymous_8)
FNDA:0,firefoxDoubleEvent
FNDA:0,handleOtherClick
FNDA:0,targetIsChildOfMenu
FNDA:0,numericClickType
FNDA:0,(anonymous_13)
FNDA:0,(anonymous_14)
FNDA:0,(anonymous_15)
FNDA:0,(anonymous_16)
FNDA:0,(anonymous_17)
DA:2,1
DA:3,0
DA:10,0
DA:18,0
DA:19,0
DA:21,1
DA:23,0
DA:24,0
DA:25,0
DA:26,0
DA:27,0
DA:28,0
DA:31,0
DA:32,0
DA:33,0
DA:35,0
DA:36,0
DA:39,1
DA:40,0
DA:41,0
DA:43,0
DA:45,0
DA:49,0
DA:50,0
DA:52,0
DA:55,1
DA:56,0
DA:57,0
DA:59,0
DA:63,0
DA:64,0
DA:66,0
DA:69,1
DA:70,0
DA:71,0
DA:75,1
DA:76,0
DA:80,1
DA:83,0
DA:84,0
DA:85,0
DA:87,0
DA:91,1
DA:92,0
DA:93,0
DA:94,0
DA:97,1
DA:98,0
DA:102,0
DA:106,0
DA:107,0
DA:108,0
DA:111,0
DA:112,0
DA:116,0
DA:119,0
DA:120,0
DA:124,0
DA:127,0
DA:128,0
DA:129,0
DA:130,0
DA:131,0
DA:135,0
DA:137,0
DA:138,0
DA:139,0
DA:140,0
DA:144,0
DA:145,0
DA:146,0
LF:71
LH:9
BRDA:26,1,0,0
BRDA:26,1,1,0
BRDA:31,2,0,0
BRDA:31,2,1,0
BRDA:49,3,0,0
BRDA:49,3,1,0
BRDA:63,4,0,0
BRDA:63,4,1,0
BRDA:76,5,0,0
BRDA:76,5,1,0
BRDA:83,6,0,0
BRDA:83,6,1,0
BRDA:84,7,0,0
BRDA:84,7,1,0
BRDA:85,8,0,0
BRDA:85,8,1,0
BRDA:107,9,0,0
BRDA:107,9,1,0
BRDA:111,10,0,0
BRDA:111,10,1,0
BRDA:119,11,0,0
BRDA:119,11,1,0
BRDA:138,12,0,0
BRDA:138,12,1,0
BRF:24
BRH:0
end_of_record
TN:
SF:./app/js/arethusa.context_menu/directives/plugin_context_menu.js
FN:2,(anonymous_1)
FNF:1
FNH:0
FNDA:0,(anonymous_1)
DA:2,1
DA:3,0
LF:2
LH:1
BRF:0
BRH:0
end_of_record
TN:
SF:./app/js/arethusa.core/animations/slider.js
FN:5,(anonymous_1)
FN:6,enter
FN:13,slideDown
FN:17,(anonymous_4)
FN:27,leave
FN:33,(anonymous_6)
FN:36,(anonymous_7)
FNF:7
FNH:0
FNDA:0,(anonymous_1)
FNDA:0,enter
FNDA:0,slideDown
FNDA:0,(anonymous_4)
FNDA:0,leave
FNDA:0,(anonymous_6)
FNDA:0,(anonymous_7)
DA:3,1
DA:6,1
DA:7,0
DA:8,0
DA:9,0
DA:10,0
DA:11,0
DA:13,1
DA:14,0
DA:16,0
DA:17,0
DA:18,0
DA:19,0
DA:24,0
DA:27,1
DA:28,0
DA:30,0
DA:34,0
DA:37,0
LF:19
LH:4
BRDA:16,1,0,0
BRDA:16,1,1,0
BRDA:34,2,0,0
BRDA:34,2,1,0
BRDA:37,3,0,0
BRDA:37,3,1,0
BRF:6
BRH:0
end_of_record
TN:
SF:./app/js/arethusa.core/arethusa_ctrl.js
FN:16,(anonymous_1)
FN:24,bootstrap
FN:28,(anonymous_3)
FN:62,(anonymous_4)
FN:71,(anonymous_5)
FN:82,(anonymous_6)
FN:83,(anonymous_7)
FNF:7
FNH:2
FNDA:1,(anonymous_1)
FNDA:1,bootstrap
FNDA:0,(anonymous_3)
FNDA:0,(anonymous_4)
FNDA:0,(anonymous_5)
FNDA:0,(anonymous_6)
FNDA:0,(anonymous_7)
DA:2,1
DA:20,1
DA:22,1
DA:24,1
DA:25,1
DA:26,1
DA:27,1
DA:28,1
DA:29,0
DA:32,1
DA:34,1
DA:35,1
DA:36,1
DA:62,1
DA:63,0
DA:64,0
DA:65,0
DA:66,0
DA:67,0
DA:68,0
DA:71,1
DA:72,0
DA:73,0
DA:76,0
DA:78,0
DA:82,1
DA:83,0
DA:84,0
DA:85,0
DA:87,0
DA:88,0
DA:92,0
LF:32
LH:15
BRDA:73,1,0,0
BRDA:73,1,1,0
BRDA:87,2,0,0
BRDA:87,2,1,0
BRF:4
BRH:0
end_of_record
TN:
SF:./app/js/arethusa.core/arethusa_grid.js
FN:10,(anonymous_1)
FN:22,(anonymous_2)
FN:23,(anonymous_3)
FN:24,(anonymous_4)
FN:25,(anonymous_5)
FN:35,(anonymous_6)
FN:43,Item
FN:56,(anonymous_8)
FN:61,findItem
FN:73,(anonymous_10)
FN:79,(anonymous_11)
FN:92,loadLayout
FN:99,loadGridItems
FN:100,(anonymous_14)
FN:105,getCleanItemList
FN:106,(anonymous_16)
FN:111,activateActiveItems
FN:112,(anonymous_18)
FN:117,loadItemList
FN:122,(anonymous_20)
FNF:20
FNH:0
FNDA:0,(anonymous_1)
FNDA:0,(anonymous_2)
FNDA:0,(anonymous_3)
FNDA:0,(anonymous_4)
FNDA:0,(anonymous_5)
FNDA:0,(anonymous_6)
FNDA:0,Item
FNDA:0,(anonymous_8)
FNDA:0,findItem
FNDA:0,(anonymous_10)
FNDA:0,(anonymous_11)
FNDA:0,loadLayout
FNDA:0,loadGridItems
FNDA:0,(anonymous_14)
FNDA:0,getCleanItemList
FNDA:0,(anonymous_16)
FNDA:0,activateActiveItems
FNDA:0,(anonymous_18)
FNDA:0,loadItemList
FNDA:0,(anonymous_20)
DA:3,1
DA:11,0
DA:13,0
DA:15,0
DA:22,0
DA:23,0
DA:24,0
DA:25,0
DA:27,0
DA:35,0
DA:43,1
DA:44,0
DA:45,0
DA:46,0
DA:56,0
DA:57,0
DA:58,0
DA:61,1
DA:62,0
DA:63,0
DA:64,0
DA:65,0
DA:66,0
DA:67,0
DA:70,0
DA:73,0
DA:74,0
DA:75,0
DA:76,0
DA:79,0
DA:84,0
DA:85,0
DA:87,0
DA:92,1
DA:93,0
DA:94,0
DA:95,0
DA:99,1
DA:100,0
DA:101,0
DA:105,1
DA:106,0
DA:107,0
DA:111,1
DA:112,0
DA:113,0
DA:117,1
DA:118,0
DA:119,0
DA:122,0
DA:124,0
DA:126,0
DA:132,0
DA:135,0
DA:137,0
LF:55
LH:8
BRDA:44,1,0,0
BRDA:44,1,1,0
BRDA:45,2,0,0
BRDA:45,2,1,0
BRDA:65,3,0,0
BRDA:65,3,1,0
BRDA:84,4,0,0
BRDA:84,4,1,0
BRDA:93,5,0,0
BRDA:93,5,1,0
BRDA:137,6,0,0
BRDA:137,6,1,0
BRF:12
BRH:0
end_of_record
TN:
SF:./app/js/arethusa.core/arethusa_local_storage.js
FN:18,(anonymous_1)
FN:27,(anonymous_2)
FN:44,coerce
FNF:3
FNH:3
FNDA:52,(anonymous_1)
FNDA:179,(anonymous_2)
FNDA:179,coerce
DA:16,1
DA:27,52
DA:28,179
DA:39,52
DA:41,52
DA:43,52
DA:44,1
DA:45,179
DA:46,179
DA:48,0
LF:10
LH:9
BRDA:45,1,0,179
BRDA:45,1,1,0
BRF:2
BRH:1
end_of_record
TN:
SF:./app/js/arethusa.core/arethusa_tabs.js
FN:8,(anonymous_1)
FN:21,(anonymous_2)
FN:35,init
FN:47,createListItems
FN:51,createListItem
FN:58,createTabMap
FN:59,(anonymous_7)
FN:65,activate
FN:69,deactivate
FN:73,isActive
FN:77,getConf
FN:83,moveTab
FN:92,toggleTab
FN:102,activateSettings
FN:106,doInitialActivation
FN:107,(anonymous_16)
FN:116,updateVisibleTabs
FN:117,(anonymous_18)
FN:125,getFromLocalStorage
FN:129,setLocalStorage
FNF:20
FNH:0
FNDA:0,(anonymous_1)
FNDA:0,(anonymous_2)
FNDA:0,init
FNDA:0,createListItems
FNDA:0,createListItem
FNDA:0,createTabMap
FNDA:0,(anonymous_7)
FNDA:0,activate
FNDA:0,deactivate
FNDA:0,isActive
FNDA:0,getConf
FNDA:0,moveTab
FNDA:0,toggleTab
FNDA:0,activateSettings
FNDA:0,doInitialActivation
FNDA:0,(anonymous_16)
FNDA:0,updateVisibleTabs
FNDA:0,(anonymous_18)
FNDA:0,getFromLocalStorage
FNDA:0,setLocalStorage
DA:3,1
DA:14,0
DA:16,0
DA:22,0
DA:23,0
DA:25,0
DA:26,0
DA:28,0
DA:29,0
DA:31,0
DA:33,0
DA:35,1
DA:36,0
DA:40,0
DA:41,0
DA:42,0
DA:43,0
DA:44,0
DA:47,1
DA:48,0
DA:51,1
DA:52,0
DA:58,1
DA:59,0
DA:60,0
DA:61,0
DA:65,1
DA:66,0
DA:69,1
DA:70,0
DA:73,1
DA:74,0
DA:77,1
DA:78,0
DA:79,0
DA:80,0
DA:83,1
DA:87,0
DA:88,0
DA:89,0
DA:92,1
DA:93,0
DA:94,0
DA:96,0
DA:98,0
DA:99,0
DA:102,1
DA:103,0
DA:106,1
DA:107,0
DA:110,0
DA:111,0
DA:116,1
DA:117,0
DA:118,0
DA:119,0
DA:121,0
DA:125,1
DA:126,0
DA:129,1
DA:130,0
LF:61
LH:16
BRDA:36,1,0,0
BRDA:36,1,1,0
BRDA:79,2,0,0
BRDA:79,2,1,0
BRDA:93,3,0,0
BRDA:93,3,1,0
BRDA:110,4,0,0
BRDA:110,4,1,0
BRDA:118,5,0,0
BRDA:118,5,1,0
BRDA:126,6,0,0
BRDA:126,6,1,0
BRF:12
BRH:0
end_of_record
TN:
SF:./app/js/arethusa.core/auth.js
FN:8,(anonymous_1)
FN:10,notifier
FN:15,Pinger
FN:18,(anonymous_4)
FN:22,(anonymous_5)
FN:28,noop
FN:32,(anonymous_7)
FN:39,modeToSkip
FN:43,loginWarning
FN:48,checkForAuthFailure
FN:57,(anonymous_11)
FN:62,(anonymous_12)
FN:63,(anonymous_13)
FN:68,(anonymous_14)
FN:73,(anonymous_15)
FN:86,(anonymous_16)
FN:91,(anonymous_17)
FNF:17
FNH:7
FNDA:47,(anonymous_1)
FNDA:0,notifier
FNDA:1,Pinger
FNDA:0,(anonymous_4)
FNDA:1,(anonymous_5)
FNDA:1,noop
FNDA:1,(anonymous_7)
FNDA:1,modeToSkip
FNDA:0,loginWarning
FNDA:0,checkForAuthFailure
FNDA:1,(anonymous_11)
FNDA:0,(anonymous_12)
FNDA:0,(anonymous_13)
FNDA:0,(anonymous_14)
FNDA:0,(anonymous_15)
FNDA:0,(anonymous_16)
FNDA:0,(anonymous_17)
DA:2,1
DA:9,47
DA:10,1
DA:11,0
DA:12,0
DA:15,1
DA:16,1
DA:17,0
DA:18,0
DA:19,0
DA:22,1
DA:23,1
DA:28,1
DA:30,47
DA:32,47
DA:33,1
DA:34,1
DA:35,1
DA:37,1
DA:39,1
DA:40,1
DA:43,1
DA:44,0
DA:45,0
DA:48,1
DA:49,0
DA:52,1
DA:54,1
DA:57,1
DA:58,1
DA:59,1
DA:62,1
DA:63,0
DA:64,0
DA:65,0
DA:68,0
DA:69,0
DA:70,0
DA:73,0
DA:74,0
DA:79,0
DA:80,0
DA:86,0
DA:87,0
DA:91,1
DA:92,0
DA:93,0
LF:47
LH:25
BRDA:11,1,0,0
BRDA:11,1,1,0
BRDA:16,2,0,0
BRDA:16,2,1,1
BRDA:35,3,0,1
BRDA:35,3,1,1
BRDA:49,4,0,0
BRDA:49,4,1,0
BRDA:52,5,0,0
BRDA:52,5,1,1
BRDA:58,6,0,0
BRDA:58,6,1,1
BRDA:79,7,0,0
BRDA:79,7,1,0
BRDA:79,8,0,0
BRDA:79,8,1,0
BRDA:92,9,0,0
BRDA:92,9,1,0
BRF:18
BRH:5
end_of_record
TN:
SF:./app/js/arethusa.core/conf_url.js
FN:6,(anonymous_1)
FN:8,(anonymous_2)
FNF:2
FNH:0
FNDA:0,(anonymous_1)
FNDA:0,(anonymous_2)
DA:3,1
DA:8,0
DA:9,0
DA:10,0
DA:13,0
DA:14,0
DA:15,0
DA:16,0
DA:18,0
DA:19,0
LF:10
LH:1
BRDA:13,1,0,0
BRDA:13,1,1,0
BRDA:15,2,0,0
BRDA:15,2,1,0
BRDA:18,3,0,0
BRDA:18,3,1,0
BRF:6
BRH:0
end_of_record
TN:
SF:./app/js/arethusa.core/configurator.js
FN:41,(anonymous_1)
FN:63,notifier
FN:68,userPreferences
FN:94,(anonymous_4)
FN:101,(anonymous_5)
FN:106,auxConfPath
FN:111,parseConfUrl
FN:127,(anonymous_8)
FN:128,(anonymous_9)
FN:133,(anonymous_10)
FN:138,(anonymous_11)
FN:143,(anonymous_12)
FN:152,Template
FN:161,(anonymous_14)
FN:189,(anonymous_15)
FN:191,(anonymous_16)
FN:221,mergeMainSections
FN:222,(anonymous_18)
FN:236,mergeSubSections
FN:241,(anonymous_20)
FN:247,mergeOrAdd
FN:255,(anonymous_22)
FN:269,(anonymous_23)
FN:281,(anonymous_24)
FN:285,(anonymous_25)
FN:307,(anonymous_26)
FN:361,(anonymous_27)
FN:364,(anonymous_28)
FN:365,(anonymous_29)
FN:385,setGlobalDefaults
FN:386,(anonymous_31)
FN:398,getGlobalDefaults
FN:404,getGlobalCustomDefaults
FN:409,getGlobalDefaultsFromRoute
FN:410,(anonymous_35)
FN:426,(anonymous_36)
FN:446,(anonymous_37)
FN:466,(anonymous_38)
FN:485,(anonymous_39)
FN:486,(anonymous_40)
FN:525,(anonymous_41)
FN:544,(anonymous_42)
FN:550,auths
FN:554,(anonymous_44)
FN:569,(anonymous_45)
FNF:45
FNH:32
FNDA:47,(anonymous_1)
FNDA:0,notifier
FNDA:188,userPreferences
FNDA:8,(anonymous_4)
FNDA:0,(anonymous_5)
FNDA:0,auxConfPath
FNDA:0,parseConfUrl
FNDA:0,(anonymous_8)
FNDA:0,(anonymous_9)
FNDA:0,(anonymous_10)
FNDA:0,(anonymous_11)
FNDA:0,(anonymous_12)
FNDA:55,Template
FNDA:0,(anonymous_14)
FNDA:2,(anonymous_15)
FNDA:5,(anonymous_16)
FNDA:3,mergeMainSections
FNDA:9,(anonymous_18)
FNDA:3,mergeSubSections
FNDA:6,(anonymous_20)
FNDA:9,mergeOrAdd
FNDA:3,(anonymous_22)
FNDA:3,(anonymous_23)
FNDA:2,(anonymous_24)
FNDA:2,(anonymous_25)
FNDA:79,(anonymous_26)
FNDA:30,(anonymous_27)
FNDA:408,(anonymous_28)
FNDA:191,(anonymous_29)
FNDA:30,setGlobalDefaults
FNDA:30,(anonymous_31)
FNDA:31,getGlobalDefaults
FNDA:31,getGlobalCustomDefaults
FNDA:31,getGlobalDefaultsFromRoute
FNDA:31,(anonymous_35)
FNDA:1,(anonymous_36)
FNDA:9,(anonymous_37)
FNDA:3,(anonymous_38)
FNDA:0,(anonymous_39)
FNDA:0,(anonymous_40)
FNDA:0,(anonymous_41)
FNDA:8,(anonymous_42)
FNDA:1,auths
FNDA:1,(anonymous_44)
FNDA:1,(anonymous_45)
DA:32,1
DA:43,47
DA:44,47
DA:61,47
DA:63,1
DA:64,0
DA:67,47
DA:68,1
DA:69,188
DA:70,188
DA:94,47
DA:95,8
DA:96,8
DA:101,8
DA:102,0
DA:106,1
DA:107,0
DA:111,1
DA:112,0
DA:113,0
DA:115,0
DA:127,47
DA:128,0
DA:129,0
DA:131,0
DA:133,0
DA:134,0
DA:135,0
DA:138,0
DA:139,0
DA:141,0
DA:143,0
DA:144,0
DA:147,0
DA:149,0
DA:152,1
DA:153,55
DA:154,55
DA:155,55
DA:161,47
DA:162,0
DA:189,47
DA:190,2
DA:191,2
DA:192,5
DA:193,5
DA:196,3
DA:197,1
DA:198,2
DA:199,1
DA:201,1
DA:204,2
DA:207,2
DA:218,47
DA:219,47
DA:221,1
DA:222,3
DA:223,9
DA:224,9
DA:225,9
DA:227,3
DA:229,3
DA:230,3
DA:231,3
DA:233,3
DA:236,1
DA:237,3
DA:238,3
DA:239,3
DA:241,3
DA:242,6
DA:243,6
DA:247,1
DA:248,9
DA:249,9
DA:251,0
DA:255,47
DA:256,3
DA:257,3
DA:258,3
DA:269,47
DA:270,3
DA:281,47
DA:282,2
DA:283,1
DA:285,1
DA:286,2
DA:289,1
DA:307,47
DA:308,79
DA:309,79
DA:350,47
DA:361,47
DA:362,30
DA:363,30
DA:364,408
DA:365,30
DA:366,191
DA:368,188
DA:369,188
DA:371,188
DA:375,188
DA:378,30
DA:379,28
DA:382,30
DA:385,1
DA:386,30
DA:389,30
DA:390,27
DA:395,47
DA:398,1
DA:399,31
DA:400,31
DA:401,31
DA:404,1
DA:405,31
DA:408,47
DA:409,1
DA:410,31
DA:411,31
DA:412,31
DA:426,47
DA:427,1
DA:446,47
DA:447,9
DA:448,9
DA:449,9
DA:466,47
DA:467,3
DA:468,3
DA:469,3
DA:485,47
DA:486,0
DA:487,0
DA:488,0
DA:508,47
DA:525,47
DA:526,0
DA:527,0
DA:544,47
DA:545,8
DA:546,8
DA:547,1
DA:550,1
DA:551,1
DA:554,47
DA:555,1
DA:569,47
DA:570,1
LF:149
LH:123
BRDA:69,1,0,21
BRDA:69,1,1,167
BRDA:107,2,0,0
BRDA:107,2,1,0
BRDA:112,3,0,0
BRDA:112,3,1,0
BRDA:131,4,0,0
BRDA:131,4,1,0
BRDA:193,5,0,3
BRDA:193,5,1,2
BRDA:196,6,0,1
BRDA:196,6,1,2
BRDA:198,7,0,1
BRDA:198,7,1,1
BRDA:225,8,0,6
BRDA:225,8,1,3
BRDA:231,9,0,0
BRDA:231,9,1,3
BRDA:239,10,0,0
BRDA:239,10,1,3
BRDA:248,11,0,9
BRDA:248,11,1,0
BRDA:282,12,0,1
BRDA:282,12,1,1
BRDA:309,13,0,79
BRDA:309,13,1,70
BRDA:309,13,2,55
BRDA:309,13,3,54
BRDA:362,14,0,11
BRDA:362,14,1,19
BRDA:363,15,0,30
BRDA:363,15,1,17
BRDA:364,16,0,408
BRDA:364,16,1,195
BRDA:366,17,0,3
BRDA:366,17,1,188
BRDA:366,18,0,191
BRDA:366,18,1,33
BRDA:371,19,0,1
BRDA:371,19,1,187
BRDA:373,20,0,12
BRDA:373,20,1,175
BRDA:378,21,0,28
BRDA:378,21,1,2
BRDA:389,22,0,27
BRDA:389,22,1,3
BRDA:405,23,0,31
BRDA:405,23,1,30
BRDA:412,24,0,0
BRDA:412,24,1,31
BRDA:546,25,0,7
BRDA:546,25,1,1
BRDA:551,26,0,1
BRDA:551,26,1,1
BRDA:555,27,0,1
BRDA:555,27,1,1
BRF:56
BRH:46
end_of_record
TN:
SF:./app/js/arethusa.core/confirmation_dialog.js
FN:6,(anonymous_1)
FN:7,(anonymous_2)
FN:15,(anonymous_3)
FNF:3
FNH:1
FNDA:154,(anonymous_1)
FNDA:0,(anonymous_2)
FNDA:0,(anonymous_3)
DA:3,1
DA:7,154
DA:8,0
DA:9,0
DA:10,0
DA:15,0
DA:16,0
LF:7
LH:2
BRF:0
BRH:0
end_of_record
TN:
SF:./app/js/arethusa.core/dependency_loader.js
FN:7,(anonymous_1)
FN:8,expand
FN:15,expandPath
FN:29,(anonymous_4)
FN:33,(anonymous_5)
FN:36,(anonymous_6)
FN:39,(anonymous_7)
FNF:7
FNH:1
FNDA:175,(anonymous_1)
FNDA:0,expand
FNDA:0,expandPath
FNDA:0,(anonymous_4)
FNDA:0,(anonymous_5)
FNDA:0,(anonymous_6)
FNDA:0,(anonymous_7)
DA:3,1
DA:8,1
DA:9,0
DA:10,0
DA:12,0
DA:15,1
DA:16,0
DA:17,0
DA:18,0
DA:20,0
DA:21,0
DA:23,0
DA:24,0
DA:25,0
DA:29,175
DA:30,0
DA:33,175
DA:34,0
DA:35,0
DA:36,0
DA:37,0
DA:38,0
DA:39,0
DA:40,0
DA:43,0
DA:44,0
LF:26
LH:5
BRDA:9,1,0,0
BRDA:9,1,1,0
BRDA:17,2,0,0
BRDA:17,2,1,0
BRDA:20,3,0,0
BRDA:20,3,1,0
BRF:6
BRH:0
end_of_record
TN:
SF:./app/js/arethusa.core/directives/arethusa_grid.js
FN:8,(anonymous_1)
FN:12,(anonymous_2)
FN:17,addSettings
FN:22,removeSettings
FNF:4
FNH:0
FNDA:0,(anonymous_1)
FNDA:0,(anonymous_2)
FNDA:0,addSettings
FNDA:0,removeSettings
DA:3,1
DA:9,0
DA:13,0
DA:15,0
DA:17,1
DA:18,0
DA:19,0
DA:22,1
DA:23,0
DA:24,0
DA:30,0
DA:32,0
LF:12
LH:3
BRF:0
BRH:0
end_of_record
TN:
SF:./app/js/arethusa.core/directives/arethusa_grid_handle.js
FN:6,(anonymous_1)
FN:10,(anonymous_2)
FN:12,mouseEnter
FN:13,(anonymous_4)
FN:16,mouseLeave
FN:20,dragLeave
FN:21,(anonymous_7)
FN:31,(anonymous_8)
FN:35,(anonymous_9)
FNF:9
FNH:0
FNDA:0,(anonymous_1)
FNDA:0,(anonymous_2)
FNDA:0,mouseEnter
FNDA:0,(anonymous_4)
FNDA:0,mouseLeave
FNDA:0,dragLeave
FNDA:0,(anonymous_7)
FNDA:0,(anonymous_8)
FNDA:0,(anonymous_9)
DA:3,1
DA:7,0
DA:11,0
DA:12,1
DA:13,0
DA:16,1
DA:17,0
DA:20,1
DA:21,0
DA:24,0
DA:25,0
DA:27,0
DA:28,0
DA:29,0
DA:31,0
DA:32,0
DA:35,0
DA:36,0
LF:18
LH:4
BRDA:36,1,0,0
BRDA:36,1,1,0
BRF:2
BRH:0
end_of_record
TN:
SF:./app/js/arethusa.core/directives/arethusa_navbar.js
FN:23,(anonymous_1)
FN:27,(anonymous_2)
FN:32,setScreenValues
FN:37,setWindowWidth
FN:41,setLogo
FN:46,isVisible
FN:58,(anonymous_7)
FN:62,(anonymous_8)
FNF:8
FNH:0
FNDA:0,(anonymous_1)
FNDA:0,(anonymous_2)
FNDA:0,setScreenValues
FNDA:0,setWindowWidth
FNDA:0,setLogo
FNDA:0,isVisible
FNDA:0,(anonymous_7)
FNDA:0,(anonymous_8)
DA:20,1
DA:24,0
DA:28,0
DA:30,0
DA:32,1
DA:33,0
DA:34,0
DA:37,1
DA:38,0
DA:41,1
DA:42,0
DA:43,0
DA:46,1
DA:47,0
DA:48,0
DA:52,0
DA:53,0
DA:55,0
DA:56,0
DA:58,0
DA:59,0
DA:62,0
DA:63,0
DA:69,0
LF:24
LH:5
BRDA:42,1,0,0
BRDA:42,1,1,0
BRDA:47,2,0,0
BRDA:47,2,1,0
BRF:4
BRH:0
end_of_record
TN:
SF:./app/js/arethusa.core/directives/arethusa_user.js
FN:4,(anonymous_1)
FN:11,(anonymous_2)
FN:12,nameToString
FNF:3
FNH:0
FNDA:0,(anonymous_1)
FNDA:0,(anonymous_2)
FNDA:0,nameToString
DA:3,1
DA:5,0
DA:12,1
DA:13,0
DA:14,0
DA:16,0
DA:17,0
DA:18,0
DA:20,0
DA:23,0
DA:29,0
LF:11
LH:2
BRDA:16,1,0,0
BRDA:16,1,1,0
BRDA:18,2,0,0
BRDA:18,2,1,0
BRF:4
BRH:0
end_of_record
TN:
SF:./app/js/arethusa.core/directives/chunk_mode_switcher.js
FN:7,(anonymous_1)
FN:12,(anonymous_2)
FN:19,(anonymous_3)
FN:21,(anonymous_4)
FNF:4
FNH:0
FNDA:0,(anonymous_1)
FNDA:0,(anonymous_2)
FNDA:0,(anonymous_3)
FNDA:0,(anonymous_4)
DA:3,1
DA:8,0
DA:9,0
DA:13,0
DA:15,0
DA:19,0
DA:21,0
DA:22,0
DA:23,0
DA:24,0
DA:26,0
DA:27,0
DA:28,0
DA:30,0
LF:14
LH:1
BRDA:23,1,0,0
BRDA:23,1,1,0
BRDA:26,2,0,0
BRDA:26,2,1,0
BRDA:26,3,0,0
BRDA:26,3,1,0
BRF:6
BRH:0
end_of_record
TN:
SF:./app/js/arethusa.core/directives/close_on_enter.js
FN:5,(anonymous_1)
FN:8,(anonymous_2)
FN:9,confirm
FN:14,(anonymous_4)
FNF:4
FNH:0
FNDA:0,(anonymous_1)
FNDA:0,(anonymous_2)
FNDA:0,confirm
FNDA:0,(anonymous_4)
DA:3,1
DA:6,0
DA:9,1
DA:10,0
DA:13,0
DA:14,0
LF:6
LH:2
BRDA:10,1,0,0
BRDA:10,1,1,0
BRF:2
BRH:0
end_of_record
TN:
SF:./app/js/arethusa.core/directives/collected_plugin_settings.js
FN:5,(anonymous_1)
FN:9,(anonymous_2)
FNF:2
FNH:0
FNDA:0,(anonymous_1)
FNDA:0,(anonymous_2)
DA:3,1
DA:6,0
DA:10,0
LF:3
LH:1
BRF:0
BRH:0
end_of_record
TN:
SF:./app/js/arethusa.core/directives/colorizer_setting.js
FN:5,(anonymous_1)
FN:9,(anonymous_2)
FN:12,(anonymous_3)
FNF:3
FNH:0
FNDA:0,(anonymous_1)
FNDA:0,(anonymous_2)
FNDA:0,(anonymous_3)
DA:3,1
DA:6,0
DA:10,0
DA:12,0
DA:13,0
LF:5
LH:1
BRF:0
BRH:0
end_of_record
TN:
SF:./app/js/arethusa.core/directives/debug.js
FN:2,(anonymous_1)
FN:5,(anonymous_2)
FN:10,(anonymous_3)
FN:13,(anonymous_4)
FN:20,(anonymous_5)
FNF:5
FNH:0
FNDA:0,(anonymous_1)
FNDA:0,(anonymous_2)
FNDA:0,(anonymous_3)
FNDA:0,(anonymous_4)
FNDA:0,(anonymous_5)
DA:2,1
DA:3,0
DA:6,0
DA:10,0
DA:11,0
DA:13,0
DA:14,0
DA:15,0
DA:17,0
DA:20,0
DA:21,0
LF:11
LH:1
BRDA:14,1,0,0
BRDA:14,1,1,0
BRF:2
BRH:0
end_of_record
TN:
SF:./app/js/arethusa.core/directives/delimiter.js
FN:3,(anonymous_1)
FNF:1
FNH:0
FNDA:0,(anonymous_1)
DA:3,1
DA:4,0
LF:2
LH:1
BRF:0
BRH:0
end_of_record
TN:
SF:./app/js/arethusa.core/directives/deselector.js
FN:5,(anonymous_1)
FN:9,(anonymous_2)
FN:10,(anonymous_3)
FN:17,(anonymous_4)
FN:25,(anonymous_5)
FN:30,setTitle
FNF:6
FNH:3
FNDA:1,(anonymous_1)
FNDA:1,(anonymous_2)
FNDA:1,(anonymous_3)
FNDA:0,(anonymous_4)
FNDA:0,(anonymous_5)
FNDA:0,setTitle
DA:2,1
DA:6,1
DA:10,1
DA:11,1
DA:12,1
DA:15,1
DA:17,1
DA:18,0
DA:19,0
DA:20,0
DA:21,0
DA:25,1
DA:26,0
DA:27,0
DA:30,1
DA:31,0
LF:16
LH:9
BRDA:19,1,0,0
BRDA:19,1,1,0
BRF:2
BRH:0
end_of_record
TN:
SF:./app/js/arethusa.core/directives/dynamic_directive.js
FN:49,(anonymous_1)
FN:55,(anonymous_2)
FNF:2
FNH:0
FNDA:0,(anonymous_1)
FNDA:0,(anonymous_2)
DA:47,1
DA:50,0
DA:56,0
DA:57,0
DA:58,0
LF:5
LH:1
BRF:0
BRH:0
end_of_record
TN:
SF:./app/js/arethusa.core/directives/editors.js
FN:5,(anonymous_1)
FN:9,(anonymous_2)
FNF:2
FNH:0
FNDA:0,(anonymous_1)
FNDA:0,(anonymous_2)
DA:3,1
DA:6,0
DA:10,0
LF:3
LH:1
BRF:0
BRH:0
end_of_record
TN:
SF:./app/js/arethusa.core/directives/exit.js
FN:20,(anonymous_1)
FN:24,(anonymous_2)
FN:26,(anonymous_3)
FN:40,(anonymous_4)
FNF:4
FNH:0
FNDA:0,(anonymous_1)
FNDA:0,(anonymous_2)
FNDA:0,(anonymous_3)
FNDA:0,(anonymous_4)
DA:17,1
DA:21,0
DA:25,0
DA:26,0
DA:27,0
DA:28,0
DA:30,0
DA:31,0
DA:37,0
DA:40,0
DA:41,0
DA:44,0
LF:12
LH:1
BRDA:25,1,0,0
BRDA:25,1,1,0
BRDA:30,2,0,0
BRDA:30,2,1,0
BRDA:31,3,0,0
BRDA:31,3,1,0
BRF:6
BRH:0
end_of_record
TN:
SF:./app/js/arethusa.core/directives/fire_event.js
FN:4,(anonymous_1)
FN:11,(anonymous_2)
FN:15,(anonymous_3)
FNF:3
FNH:0
FNDA:0,(anonymous_1)
FNDA:0,(anonymous_2)
FNDA:0,(anonymous_3)
DA:2,1
DA:5,0
DA:12,0
DA:13,0
DA:14,0
DA:15,0
DA:16,0
DA:17,0
LF:8
LH:1
BRDA:16,1,0,0
BRDA:16,1,1,0
BRF:2
BRH:0
end_of_record
TN:
SF:./app/js/arethusa.core/directives/focusMe.js
FN:4,(anonymous_1)
FN:10,(anonymous_2)
FN:11,(anonymous_3)
FNF:3
FNH:0
FNDA:0,(anonymous_1)
FNDA:0,(anonymous_2)
FNDA:0,(anonymous_3)
DA:3,1
DA:5,0
DA:11,0
DA:12,0
LF:4
LH:1
BRDA:12,1,0,0
BRDA:12,1,1,0
BRF:2
BRH:0
end_of_record
TN:
SF:./app/js/arethusa.core/directives/foreign_keys.js
FN:7,(anonymous_1)
FN:15,(anonymous_2)
FN:21,extractLanguage
FN:25,lang
FN:29,activeLanguage
FN:34,placeHolderText
FN:40,broadcast
FN:44,appendCompiled
FN:45,(anonymous_9)
FN:50,(anonymous_10)
FN:54,appendHelp
FN:82,applyModifiedKey
FN:87,(anonymous_13)
FN:117,(anonymous_14)
FNF:14
FNH:0
FNDA:0,(anonymous_1)
FNDA:0,(anonymous_2)
FNDA:0,extractLanguage
FNDA:0,lang
FNDA:0,activeLanguage
FNDA:0,placeHolderText
FNDA:0,broadcast
FNDA:0,appendCompiled
FNDA:0,(anonymous_9)
FNDA:0,(anonymous_10)
FNDA:0,appendHelp
FNDA:0,applyModifiedKey
FNDA:0,(anonymous_13)
FNDA:0,(anonymous_14)
DA:2,1
DA:8,0
DA:16,0
DA:17,0
DA:19,0
DA:21,1
DA:22,0
DA:25,1
DA:26,0
DA:29,1
DA:30,0
DA:34,1
DA:35,0
DA:36,0
DA:37,0
DA:40,1
DA:41,0
DA:44,1
DA:45,0
DA:46,0
DA:50,0
DA:51,0
DA:54,1
DA:55,0
DA:57,0
DA:58,0
DA:60,0
DA:61,0
DA:70,0
DA:71,0
DA:74,0
DA:75,0
DA:76,0
DA:79,0
DA:80,0
DA:82,1
DA:83,0
DA:84,0
DA:87,0
DA:88,0
DA:89,0
DA:90,0
DA:91,0
DA:92,0
DA:93,0
DA:94,0
DA:96,0
DA:97,0
DA:99,0
DA:100,0
DA:104,0
DA:105,0
DA:107,0
DA:110,0
DA:113,0
DA:117,0
DA:118,0
DA:119,0
DA:121,0
DA:123,0
LF:60
LH:9
BRDA:22,1,0,0
BRDA:22,1,1,0
BRDA:22,1,2,0
BRDA:26,2,0,0
BRDA:26,2,1,0
BRDA:36,3,0,0
BRDA:36,3,1,0
BRDA:37,4,0,0
BRDA:37,4,1,0
BRDA:51,5,0,0
BRDA:51,5,1,0
BRDA:55,6,0,0
BRDA:55,6,1,0
BRDA:90,7,0,0
BRDA:90,7,1,0
BRDA:92,8,0,0
BRDA:92,8,1,0
BRDA:96,9,0,0
BRDA:96,9,1,0
BRDA:104,10,0,0
BRDA:104,10,1,0
BRDA:118,11,0,0
BRDA:118,11,1,0
BRF:23
BRH:0
end_of_record
TN:
SF:./app/js/arethusa.core/directives/foreign_keys_help.js
FN:11,(anonymous_1)
FN:15,(anonymous_2)
FN:21,generateKeys
FN:26,bindShift
FN:27,(anonymous_5)
FN:33,(anonymous_6)
FN:41,(anonymous_7)
FN:51,(anonymous_8)
FN:58,(anonymous_9)
FN:64,FakeEvent
FN:69,doShift
FN:71,(anonymous_12)
FN:78,(anonymous_13)
FN:82,(anonymous_14)
FN:86,(anonymous_15)
FNF:15
FNH:0
FNDA:0,(anonymous_1)
FNDA:0,(anonymous_2)
FNDA:0,generateKeys
FNDA:0,bindShift
FNDA:0,(anonymous_5)
FNDA:0,(anonymous_6)
FNDA:0,(anonymous_7)
FNDA:0,(anonymous_8)
FNDA:0,(anonymous_9)
FNDA:0,FakeEvent
FNDA:0,doShift
FNDA:0,(anonymous_12)
FNDA:0,(anonymous_13)
FNDA:0,(anonymous_14)
FNDA:0,(anonymous_15)
DA:7,1
DA:12,0
DA:16,0
DA:19,0
DA:21,1
DA:22,0
DA:23,0
DA:26,1
DA:27,0
DA:28,0
DA:29,0
DA:33,0
DA:34,0
DA:35,0
DA:36,0
DA:37,0
DA:41,0
DA:42,0
DA:43,0
DA:44,0
DA:46,0
DA:51,0
DA:52,0
DA:55,0
DA:56,0
DA:57,0
DA:58,0
DA:59,0
DA:64,1
DA:65,0
DA:66,0
DA:69,1
DA:70,0
DA:71,0
DA:72,0
DA:73,0
DA:78,0
DA:79,0
DA:82,0
DA:83,0
DA:86,0
DA:87,0
DA:88,0
DA:89,0
DA:90,0
DA:93,0
LF:46
LH:5
BRDA:22,1,0,0
BRDA:22,1,1,0
BRDA:22,1,2,0
BRDA:34,2,0,0
BRDA:34,2,1,0
BRDA:34,3,0,0
BRDA:34,3,1,0
BRDA:42,4,0,0
BRDA:42,4,1,0
BRDA:43,5,0,0
BRDA:43,5,1,0
BRDA:52,6,0,0
BRDA:52,6,1,0
BRDA:70,7,0,0
BRDA:70,7,1,0
BRF:15
BRH:0
end_of_record
TN:
SF:./app/js/arethusa.core/directives/fullHeight.js
FN:5,(anonymous_1)
FN:8,(anonymous_2)
FN:15,resize
FN:19,(anonymous_4)
FNF:4
FNH:0
FNDA:0,(anonymous_1)
FNDA:0,(anonymous_2)
FNDA:0,resize
FNDA:0,(anonymous_4)
DA:3,1
DA:6,0
DA:9,0
DA:10,0
DA:11,0
DA:12,0
DA:13,0
DA:15,1
DA:16,0
DA:17,0
DA:19,0
DA:20,0
DA:23,0
LF:13
LH:2
BRDA:13,1,0,0
BRDA:13,1,1,0
BRF:2
BRH:0
end_of_record
TN:
SF:./app/js/arethusa.core/directives/global_click_action.js
FN:5,(anonymous_1)
FN:9,(anonymous_2)
FNF:2
FNH:0
FNDA:0,(anonymous_1)
FNDA:0,(anonymous_2)
DA:3,1
DA:6,0
DA:10,0
DA:11,0
LF:4
LH:1
BRF:0
BRH:0
end_of_record
TN:
SF:./app/js/arethusa.core/directives/global_settings_panel.js
FN:7,(anonymous_1)
FN:11,(anonymous_2)
FN:15,(anonymous_3)
FN:20,(anonymous_4)
FN:27,togglePluginSettings
FNF:5
FNH:0
FNDA:0,(anonymous_1)
FNDA:0,(anonymous_2)
FNDA:0,(anonymous_3)
FNDA:0,(anonymous_4)
FNDA:0,togglePluginSettings
DA:3,1
DA:8,0
DA:12,0
DA:13,0
DA:15,0
DA:16,0
DA:20,0
DA:21,0
DA:25,0
DA:27,1
DA:28,0
LF:11
LH:2
BRDA:21,1,0,0
BRDA:21,1,1,0
BRF:2
BRH:0
end_of_record
TN:
SF:./app/js/arethusa.core/directives/global_settings_trigger.js
FN:8,(anonymous_1)
FNF:1
FNH:0
FNDA:0,(anonymous_1)
DA:3,1
DA:9,0
LF:2
LH:1
BRF:0
BRH:0
end_of_record
TN:
SF:./app/js/arethusa.core/directives/grid_items.js
FN:6,(anonymous_1)
FN:10,(anonymous_2)
FNF:2
FNH:0
FNDA:0,(anonymous_1)
FNDA:0,(anonymous_2)
DA:3,1
DA:7,0
DA:11,0
DA:12,0
LF:4
LH:1
BRF:0
BRH:0
end_of_record
TN:
SF:./app/js/arethusa.core/directives/grid_setting.js
FN:5,(anonymous_1)
FN:9,(anonymous_2)
FN:14,(anonymous_3)
FN:15,(anonymous_4)
FNF:4
FNH:0
FNDA:0,(anonymous_1)
FNDA:0,(anonymous_2)
FNDA:0,(anonymous_3)
FNDA:0,(anonymous_4)
DA:3,1
DA:6,0
DA:10,0
DA:11,0
DA:13,0
DA:14,0
DA:15,0
DA:16,0
DA:17,0
LF:9
LH:1
BRDA:16,1,0,0
BRDA:16,1,1,0
BRF:2
BRH:0
end_of_record
TN:
SF:./app/js/arethusa.core/directives/help_panel.js
FN:10,(anonymous_1)
FN:14,(anonymous_2)
FN:32,(anonymous_3)
FN:36,(anonymous_4)
FN:38,(anonymous_5)
FNF:5
FNH:0
FNDA:0,(anonymous_1)
FNDA:0,(anonymous_2)
FNDA:0,(anonymous_3)
FNDA:0,(anonymous_4)
FNDA:0,(anonymous_5)
DA:3,1
DA:11,0
DA:15,0
DA:16,0
DA:17,0
DA:18,0
DA:19,0
DA:21,0
DA:24,0
DA:32,0
DA:33,0
DA:36,0
DA:37,0
DA:38,0
DA:39,0
DA:40,0
DA:42,0
DA:43,0
LF:18
LH:1
BRDA:39,1,0,0
BRDA:39,1,1,0
BRF:2
BRH:0
end_of_record
TN:
SF:./app/js/arethusa.core/directives/help_panel_heading.js
FN:4,(anonymous_1)
FN:11,(anonymous_2)
FN:12,(anonymous_3)
FNF:3
FNH:0
FNDA:0,(anonymous_1)
FNDA:0,(anonymous_2)
FNDA:0,(anonymous_3)
DA:3,1
DA:5,0
DA:12,0
DA:13,0
LF:4
LH:1
BRF:0
BRH:0
end_of_record
TN:
SF:./app/js/arethusa.core/directives/help_panel_item.js
FN:4,(anonymous_1)
FN:9,(anonymous_2)
FNF:2
FNH:0
FNDA:0,(anonymous_1)
FNDA:0,(anonymous_2)
DA:3,1
DA:5,0
DA:10,0
DA:11,0
DA:12,0
LF:5
LH:1
BRF:0
BRH:0
end_of_record
TN:
SF:./app/js/arethusa.core/directives/help_trigger.js
FN:8,(anonymous_1)
FNF:1
FNH:0
FNDA:0,(anonymous_1)
DA:3,1
DA:9,0
LF:2
LH:1
BRF:0
BRH:0
end_of_record
TN:
SF:./app/js/arethusa.core/directives/key_capture.js
FN:16,(anonymous_1)
FN:19,(anonymous_2)
FN:20,(anonymous_3)
FN:23,(anonymous_4)
FNF:4
FNH:4
FNDA:2,(anonymous_1)
FNDA:2,(anonymous_2)
FNDA:1,(anonymous_3)
FNDA:1,(anonymous_4)
DA:14,1
DA:17,2
DA:20,2
DA:21,1
DA:23,2
DA:24,1
LF:6
LH:6
BRF:0
BRH:0
end_of_record
TN:
SF:./app/js/arethusa.core/directives/keysToScreen.js
FN:7,(anonymous_1)
FN:11,(anonymous_2)
FN:14,Key
FN:19,parseKey
FN:25,(anonymous_5)
FN:35,(anonymous_6)
FN:42,(anonymous_7)
FN:52,(anonymous_8)
FN:54,(anonymous_9)
FN:66,(anonymous_10)
FN:70,(anonymous_11)
FNF:11
FNH:0
FNDA:0,(anonymous_1)
FNDA:0,(anonymous_2)
FNDA:0,Key
FNDA:0,parseKey
FNDA:0,(anonymous_5)
FNDA:0,(anonymous_6)
FNDA:0,(anonymous_7)
FNDA:0,(anonymous_8)
FNDA:0,(anonymous_9)
FNDA:0,(anonymous_10)
FNDA:0,(anonymous_11)
DA:3,1
DA:8,0
DA:12,0
DA:14,1
DA:15,0
DA:16,0
DA:19,1
DA:25,0
DA:26,0
DA:29,0
DA:34,0
DA:35,0
DA:36,0
DA:37,0
DA:39,0
DA:42,0
DA:47,0
DA:48,0
DA:49,0
DA:51,0
DA:52,0
DA:53,0
DA:54,0
DA:55,0
DA:56,0
DA:57,0
DA:59,0
DA:63,0
DA:64,0
DA:66,0
DA:67,0
DA:70,0
DA:71,0
DA:72,0
LF:34
LH:3
BRDA:15,1,0,0
BRDA:15,1,1,0
BRDA:25,2,0,0
BRDA:25,2,1,0
BRDA:36,3,0,0
BRDA:36,3,1,0
BRDA:47,4,0,0
BRDA:47,4,1,0
BRDA:55,5,0,0
BRDA:55,5,1,0
BRDA:63,6,0,0
BRDA:63,6,1,0
BRDA:64,7,0,0
BRDA:64,7,1,0
BRF:14
BRH:0
end_of_record
TN:
SF:./app/js/arethusa.core/directives/lang_specific.js
FN:5,(anonymous_1)
FN:8,(anonymous_2)
FNF:2
FNH:2
FNDA:5,(anonymous_1)
FNDA:5,(anonymous_2)
DA:3,1
DA:6,5
DA:9,5
DA:10,5
DA:11,3
DA:12,3
DA:13,3
LF:7
LH:7
BRDA:9,1,0,5
BRDA:9,1,1,2
BRDA:10,2,0,3
BRDA:10,2,1,2
BRDA:12,3,0,0
BRDA:12,3,1,3
BRF:6
BRH:5
end_of_record
TN:
SF:./app/js/arethusa.core/directives/layout_setting.js
FN:5,(anonymous_1)
FN:9,(anonymous_2)
FNF:2
FNH:0
FNDA:0,(anonymous_1)
FNDA:0,(anonymous_2)
DA:3,1
DA:6,0
DA:10,0
DA:11,0
LF:4
LH:1
BRF:0
BRH:0
end_of_record
TN:
SF:./app/js/arethusa.core/directives/navbar_buttons.js
FN:5,(anonymous_1)
FN:9,(anonymous_2)
FN:10,(anonymous_3)
FN:15,(anonymous_4)
FNF:4
FNH:0
FNDA:0,(anonymous_1)
FNDA:0,(anonymous_2)
FNDA:0,(anonymous_3)
FNDA:0,(anonymous_4)
DA:3,1
DA:6,0
DA:10,0
DA:11,0
DA:12,0
DA:15,0
DA:16,0
LF:7
LH:1
BRDA:11,1,0,0
BRDA:11,1,1,0
BRF:2
BRH:0
end_of_record
TN:
SF:./app/js/arethusa.core/directives/navbar_navigation.js
FN:3,(anonymous_1)
FNF:1
FNH:0
FNDA:0,(anonymous_1)
DA:3,1
DA:4,0
LF:2
LH:1
BRF:0
BRH:0
end_of_record
TN:
SF:./app/js/arethusa.core/directives/navbar_notifier.js
FN:3,(anonymous_1)
FNF:1
FNH:0
FNDA:0,(anonymous_1)
DA:3,1
DA:4,0
LF:2
LH:1
BRF:0
BRH:0
end_of_record
TN:
SF:./app/js/arethusa.core/directives/navbar_search.js
FN:3,(anonymous_1)
FNF:1
FNH:0
FNDA:0,(anonymous_1)
DA:3,1
DA:4,0
LF:2
LH:1
BRF:0
BRH:0
end_of_record
TN:
SF:./app/js/arethusa.core/directives/next_token.js
FN:5,(anonymous_1)
FN:8,(anonymous_2)
FN:9,(anonymous_3)
FNF:3
FNH:3
FNDA:1,(anonymous_1)
FNDA:1,(anonymous_2)
FNDA:1,(anonymous_3)
DA:3,1
DA:6,1
DA:9,1
DA:10,1
LF:4
LH:4
BRF:0
BRH:0
end_of_record
TN:
SF:./app/js/arethusa.core/directives/notificiations.js
FN:5,(anonymous_1)
FN:9,(anonymous_2)
FNF:2
FNH:0
FNDA:0,(anonymous_1)
FNDA:0,(anonymous_2)
DA:3,1
DA:6,0
LF:2
LH:1
BRF:0
BRH:0
end_of_record
TN:
SF:./app/js/arethusa.core/directives/outputter.js
FN:7,(anonymous_1)
FN:11,(anonymous_2)
FN:13,(anonymous_3)
FN:21,(anonymous_4)
FN:33,(anonymous_5)
FN:36,(anonymous_6)
FN:44,(anonymous_7)
FN:49,(anonymous_8)
FN:51,(anonymous_9)
FNF:9
FNH:0
FNDA:0,(anonymous_1)
FNDA:0,(anonymous_2)
FNDA:0,(anonymous_3)
FNDA:0,(anonymous_4)
FNDA:0,(anonymous_5)
FNDA:0,(anonymous_6)
FNDA:0,(anonymous_7)
FNDA:0,(anonymous_8)
FNDA:0,(anonymous_9)
DA:3,1
DA:8,0
DA:12,0
DA:13,0
DA:14,0
DA:21,0
DA:22,0
DA:30,1
DA:34,0
DA:37,0
DA:43,0
DA:44,0
DA:45,0
DA:46,0
DA:49,0
DA:51,0
DA:52,0
DA:53,0
DA:55,0
LF:19
LH:2
BRDA:45,1,0,0
BRDA:45,1,1,0
BRF:2
BRH:0
end_of_record
TN:
SF:./app/js/arethusa.core/directives/plugin.js
FN:26,(anonymous_1)
FN:30,(anonymous_2)
FN:40,(anonymous_3)
FNF:3
FNH:0
FNDA:0,(anonymous_1)
FNDA:0,(anonymous_2)
FNDA:0,(anonymous_3)
DA:24,1
DA:27,0
DA:31,0
DA:36,0
DA:37,0
DA:38,0
DA:40,0
DA:41,0
DA:42,0
LF:9
LH:1
BRDA:36,1,0,0
BRDA:36,1,1,0
BRDA:41,2,0,0
BRDA:41,2,1,0
BRF:4
BRH:0
end_of_record
TN:
SF:./app/js/arethusa.core/directives/plugin_setting.js
FN:4,(anonymous_1)
FN:8,(anonymous_2)
FN:9,(anonymous_3)
FNF:3
FNH:0
FNDA:0,(anonymous_1)
FNDA:0,(anonymous_2)
FNDA:0,(anonymous_3)
DA:2,1
DA:5,0
DA:9,0
DA:10,0
DA:11,0
DA:12,0
DA:13,0
DA:14,0
LF:8
LH:1
BRDA:14,1,0,0
BRDA:14,1,1,0
BRF:2
BRH:0
end_of_record
TN:
SF:./app/js/arethusa.core/directives/plugin_settings.js
FN:19,(anonymous_1)
FNF:1
FNH:0
FNDA:0,(anonymous_1)
DA:18,1
DA:20,0
LF:2
LH:1
BRF:0
BRH:0
end_of_record
TN:
SF:./app/js/arethusa.core/directives/prev_token.js
FN:5,(anonymous_1)
FN:8,(anonymous_2)
FN:9,(anonymous_3)
FNF:3
FNH:3
FNDA:1,(anonymous_1)
FNDA:1,(anonymous_2)
FNDA:1,(anonymous_3)
DA:3,1
DA:6,1
DA:9,1
DA:10,1
LF:4
LH:4
BRF:0
BRH:0
end_of_record
TN:
SF:./app/js/arethusa.core/directives/relocate.js
FN:20,(anonymous_1)
FN:24,(anonymous_2)
FN:27,(anonymous_3)
FNF:3
FNH:0
FNDA:0,(anonymous_1)
FNDA:0,(anonymous_2)
FNDA:0,(anonymous_3)
DA:17,1
DA:21,0
DA:25,0
DA:26,0
DA:27,0
DA:28,0
LF:6
LH:1
BRDA:25,1,0,0
BRDA:25,1,1,0
BRF:2
BRH:0
end_of_record
TN:
SF:./app/js/arethusa.core/directives/resizable.js
FN:6,(anonymous_1)
FN:16,(anonymous_2)
FN:24,(anonymous_3)
FN:39,mousemove
FN:43,resize
FN:57,shrink
FN:62,grow
FN:67,withinBoundaries
FN:71,mouseup
FN:77,(anonymous_10)
FNF:10
FNH:0
FNDA:0,(anonymous_1)
FNDA:0,(anonymous_2)
FNDA:0,(anonymous_3)
FNDA:0,mousemove
FNDA:0,resize
FNDA:0,shrink
FNDA:0,grow
FNDA:0,withinBoundaries
FNDA:0,mouseup
FNDA:0,(anonymous_10)
DA:2,1
DA:12,0
DA:14,0
DA:17,0
DA:18,0
DA:19,0
DA:21,0
DA:22,0
DA:24,0
DA:25,0
DA:26,0
DA:27,0
DA:39,1
DA:40,0
DA:43,1
DA:44,0
DA:45,0
DA:46,0
DA:47,0
DA:48,0
DA:49,0
DA:51,0
DA:52,0
DA:53,0
DA:57,1
DA:58,0
DA:59,0
DA:62,1
DA:63,0
DA:64,0
DA:67,1
DA:68,0
DA:71,1
DA:72,0
DA:73,0
DA:74,0
DA:77,0
DA:78,0
LF:38
LH:7
BRDA:51,1,0,0
BRDA:51,1,1,0
BRDA:68,2,0,0
BRDA:68,2,1,0
BRF:4
BRH:0
end_of_record
TN:
SF:./app/js/arethusa.core/directives/reveal_toggle.js
FN:3,(anonymous_1)
FN:6,(anonymous_2)
FN:12,el
FN:16,(anonymous_4)
FNF:4
FNH:4
FNDA:1,(anonymous_1)
FNDA:1,(anonymous_2)
FNDA:1,el
FNDA:1,(anonymous_4)
DA:3,1
DA:4,1
DA:7,1
DA:8,1
DA:9,1
DA:12,1
DA:13,1
DA:16,1
DA:17,1
DA:18,1
DA:19,0
DA:20,0
DA:21,0
DA:23,1
DA:24,1
DA:25,1
LF:16
LH:13
BRDA:18,1,0,0
BRDA:18,1,1,1
BRDA:18,2,0,1
BRDA:18,2,1,1
BRDA:19,3,0,0
BRDA:19,3,1,0
BRDA:23,4,0,0
BRDA:23,4,1,1
BRF:8
BRH:4
end_of_record
TN:
SF:./app/js/arethusa.core/directives/root_token.js
FN:10,(anonymous_1)
FN:17,(anonymous_2)
FN:20,apply
FN:24,hoverActions
FN:28,doHoverAction
FN:34,MockToken
FN:39,(anonymous_7)
FN:41,(anonymous_8)
FN:47,(anonymous_9)
FN:48,(anonymous_10)
FN:53,(anonymous_11)
FN:54,(anonymous_12)
FNF:12
FNH:0
FNDA:0,(anonymous_1)
FNDA:0,(anonymous_2)
FNDA:0,apply
FNDA:0,hoverActions
FNDA:0,doHoverAction
FNDA:0,MockToken
FNDA:0,(anonymous_7)
FNDA:0,(anonymous_8)
FNDA:0,(anonymous_9)
FNDA:0,(anonymous_10)
FNDA:0,(anonymous_11)
FNDA:0,(anonymous_12)
DA:6,1
DA:11,0
DA:18,0
DA:20,1
DA:21,0
DA:24,1
DA:25,0
DA:28,1
DA:29,0
DA:30,0
DA:34,1
DA:35,0
DA:36,0
DA:39,0
DA:40,0
DA:41,0
DA:42,0
DA:47,0
DA:48,0
DA:49,0
DA:50,0
DA:53,0
DA:54,0
DA:55,0
DA:56,0
LF:25
LH:5
BRDA:29,1,0,0
BRDA:29,1,1,0
BRDA:40,2,0,0
BRDA:40,2,1,0
BRF:4
BRH:0
end_of_record
TN:
SF:./app/js/arethusa.core/directives/saver.js
FN:6,(anonymous_1)
FN:10,(anonymous_2)
FN:14,(anonymous_3)
FN:18,(anonymous_4)
FN:28,addSaveWatch
FN:33,(anonymous_6)
FN:44,removeSaveWatch
FN:51,(anonymous_8)
FN:59,(anonymous_9)
FN:64,setTitle
FNF:10
FNH:0
FNDA:0,(anonymous_1)
FNDA:0,(anonymous_2)
FNDA:0,(anonymous_3)
FNDA:0,(anonymous_4)
FNDA:0,addSaveWatch
FNDA:0,(anonymous_6)
FNDA:0,removeSaveWatch
FNDA:0,(anonymous_8)
FNDA:0,(anonymous_9)
FNDA:0,setTitle
DA:3,1
DA:7,0
DA:11,0
DA:12,0
DA:14,0
DA:15,0
DA:18,0
DA:19,0
DA:20,0
DA:21,0
DA:23,0
DA:24,0
DA:28,1
DA:31,0
DA:33,0
DA:34,0
DA:35,0
DA:36,0
DA:38,0
DA:39,0
DA:44,1
DA:45,0
DA:49,0
DA:51,0
DA:52,0
DA:53,0
DA:54,0
DA:55,0
DA:59,0
DA:60,0
DA:61,0
DA:64,1
DA:65,0
LF:33
LH:4
BRDA:19,1,0,0
BRDA:19,1,1,0
BRDA:34,2,0,0
BRDA:34,2,1,0
BRDA:45,3,0,0
BRDA:45,3,1,0
BRDA:53,4,0,0
BRDA:53,4,1,0
BRF:8
BRH:0
end_of_record
TN:
SF:./app/js/arethusa.core/directives/sentence.js
FN:5,(anonymous_1)
FN:11,(anonymous_2)
FN:12,getCitation
FN:13,(anonymous_4)
FN:18,(anonymous_5)
FNF:5
FNH:0
FNDA:0,(anonymous_1)
FNDA:0,(anonymous_2)
FNDA:0,getCitation
FNDA:0,(anonymous_4)
FNDA:0,(anonymous_5)
DA:3,1
DA:6,0
DA:12,1
DA:13,0
DA:14,0
DA:18,0
DA:19,0
DA:20,0
DA:23,0
DA:24,0
DA:26,0
LF:11
LH:2
BRF:0
BRH:0
end_of_record
TN:
SF:./app/js/arethusa.core/directives/sentence_list.js
FN:6,(anonymous_1)
FN:10,(anonymous_2)
FN:13,createList
FN:37,(anonymous_4)
FN:39,(anonymous_5)
FNF:5
FNH:0
FNDA:0,(anonymous_1)
FNDA:0,(anonymous_2)
FNDA:0,createList
FNDA:0,(anonymous_4)
FNDA:0,(anonymous_5)
DA:3,1
DA:7,0
DA:11,0
DA:13,1
DA:16,0
DA:17,0
DA:30,0
DA:31,0
DA:35,0
DA:37,0
DA:38,0
DA:39,0
DA:40,0
LF:13
LH:2
BRDA:16,1,0,0
BRDA:16,1,1,0
BRF:2
BRH:0
end_of_record
TN:
SF:./app/js/arethusa.core/directives/settings_trigger.js
FN:5,(anonymous_1)
FN:9,(anonymous_2)
FN:18,(anonymous_3)
FNF:3
FNH:0
FNDA:0,(anonymous_1)
FNDA:0,(anonymous_2)
FNDA:0,(anonymous_3)
DA:3,1
DA:6,0
DA:10,0
DA:11,0
DA:12,0
DA:14,0
DA:15,0
DA:16,0
DA:18,0
DA:19,0
LF:10
LH:1
BRDA:10,1,0,0
BRDA:10,1,1,0
BRDA:11,2,0,0
BRDA:11,2,1,0
BRDA:12,3,0,0
BRDA:12,3,1,0
BRF:6
BRH:0
end_of_record
TN:
SF:./app/js/arethusa.core/directives/sidepanel.js
FN:7,(anonymous_1)
FN:10,(anonymous_2)
FN:13,currentIndex
FN:17,maxIndex
FN:21,selectPluginByIndex
FN:26,moveToNext
FN:32,moveToPrev
FN:38,(anonymous_8)
FN:41,(anonymous_9)
FN:42,(anonymous_10)
FN:43,(anonymous_11)
FNF:11
FNH:0
FNDA:0,(anonymous_1)
FNDA:0,(anonymous_2)
FNDA:0,currentIndex
FNDA:0,maxIndex
FNDA:0,selectPluginByIndex
FNDA:0,moveToNext
FNDA:0,moveToPrev
FNDA:0,(anonymous_8)
FNDA:0,(anonymous_9)
FNDA:0,(anonymous_10)
FNDA:0,(anonymous_11)
DA:3,1
DA:8,0
DA:11,0
DA:13,1
DA:14,0
DA:17,1
DA:18,0
DA:21,1
DA:22,0
DA:23,0
DA:26,1
DA:27,0
DA:28,0
DA:29,0
DA:32,1
DA:33,0
DA:34,0
DA:35,0
DA:38,0
DA:39,0
DA:41,0
DA:42,0
DA:43,0
DA:47,0
LF:24
LH:6
BRDA:28,1,0,0
BRDA:28,1,1,0
BRDA:34,2,0,0
BRDA:34,2,1,0
BRF:4
BRH:0
end_of_record
TN:
SF:./app/js/arethusa.core/directives/sidepanel_folder.js
FN:7,(anonymous_1)
FN:10,(anonymous_2)
FN:18,(anonymous_3)
FN:24,setIconClassAndTitle
FN:32,(anonymous_5)
FN:39,(anonymous_6)
FN:40,(anonymous_7)
FN:43,(anonymous_8)
FNF:8
FNH:0
FNDA:0,(anonymous_1)
FNDA:0,(anonymous_2)
FNDA:0,(anonymous_3)
FNDA:0,setIconClassAndTitle
FNDA:0,(anonymous_5)
FNDA:0,(anonymous_6)
FNDA:0,(anonymous_7)
FNDA:0,(anonymous_8)
DA:3,1
DA:8,0
DA:11,0
DA:13,0
DA:18,0
DA:19,0
DA:20,0
DA:24,1
DA:25,0
DA:26,0
DA:27,0
DA:28,0
DA:29,0
DA:32,0
DA:33,0
DA:34,0
DA:37,0
DA:39,0
DA:40,0
DA:41,0
DA:42,0
DA:43,0
DA:44,0
DA:45,0
DA:48,0
DA:49,0
LF:26
LH:2
BRDA:19,1,0,0
BRDA:19,1,1,0
BRDA:25,2,0,0
BRDA:25,2,1,0
BRDA:26,3,0,0
BRDA:26,3,1,0
BRDA:41,4,0,0
BRDA:41,4,1,0
BRF:8
BRH:0
end_of_record
TN:
SF:./app/js/arethusa.core/directives/spinner.js
FN:5,(anonymous_1)
FN:8,(anonymous_2)
FN:11,(anonymous_3)
FNF:3
FNH:0
FNDA:0,(anonymous_1)
FNDA:0,(anonymous_2)
FNDA:0,(anonymous_3)
DA:3,1
DA:6,0
DA:9,0
DA:11,0
DA:12,0
LF:5
LH:1
BRF:0
BRH:0
end_of_record
TN:
SF:./app/js/arethusa.core/directives/toBottom.js
FN:6,(anonymous_1)
FN:9,(anonymous_2)
FN:12,gridItem
FN:31,setHeight
FN:32,(anonymous_5)
FNF:5
FNH:0
FNDA:0,(anonymous_1)
FNDA:0,(anonymous_2)
FNDA:0,gridItem
FNDA:0,setHeight
FNDA:0,(anonymous_5)
DA:3,1
DA:7,0
DA:10,0
DA:12,1
DA:13,0
DA:16,0
DA:17,0
DA:18,0
DA:19,0
DA:21,0
DA:22,0
DA:25,0
DA:28,0
DA:29,0
DA:31,1
DA:32,0
DA:33,0
DA:34,0
DA:35,0
DA:36,0
DA:37,0
DA:38,0
DA:39,0
DA:40,0
DA:45,0
LF:25
LH:3
BRDA:16,1,0,0
BRDA:16,1,1,0
BRDA:18,2,0,0
BRDA:18,2,1,0
BRDA:37,3,0,0
BRDA:37,3,1,0
BRF:6
BRH:0
end_of_record
TN:
SF:./app/js/arethusa.core/directives/token.js
FN:21,(anonymous_1)
FN:47,(anonymous_2)
FN:66,(anonymous_3)
FN:79,(anonymous_4)
FN:88,apply
FN:92,bindClick
FN:93,(anonymous_7)
FN:94,(anonymous_8)
FN:105,bindHover
FN:106,(anonymous_10)
FN:107,(anonymous_11)
FN:111,(anonymous_12)
FN:112,(anonymous_13)
FN:118,(anonymous_14)
FN:128,bindPreClick
FN:131,(anonymous_16)
FN:132,(anonymous_17)
FN:133,(anonymous_18)
FN:141,addBindings
FN:152,unbind
FN:157,updateBindings
FN:165,cleanStyle
FN:166,(anonymous_23)
FN:176,(anonymous_24)
FN:187,(anonymous_25)
FNF:25
FNH:0
FNDA:0,(anonymous_1)
FNDA:0,(anonymous_2)
FNDA:0,(anonymous_3)
FNDA:0,(anonymous_4)
FNDA:0,apply
FNDA:0,bindClick
FNDA:0,(anonymous_7)
FNDA:0,(anonymous_8)
FNDA:0,bindHover
FNDA:0,(anonymous_10)
FNDA:0,(anonymous_11)
FNDA:0,(anonymous_12)
FNDA:0,(anonymous_13)
FNDA:0,(anonymous_14)
FNDA:0,bindPreClick
FNDA:0,(anonymous_16)
FNDA:0,(anonymous_17)
FNDA:0,(anonymous_18)
FNDA:0,addBindings
FNDA:0,unbind
FNDA:0,updateBindings
FNDA:0,cleanStyle
FNDA:0,(anonymous_23)
FNDA:0,(anonymous_24)
FNDA:0,(anonymous_25)
DA:17,1
DA:22,0
DA:47,0
DA:49,0
DA:50,0
DA:52,0
DA:55,0
DA:62,0
DA:63,0
DA:66,0
DA:67,0
DA:69,0
DA:80,0
DA:81,0
DA:82,0
DA:85,0
DA:86,0
DA:88,1
DA:89,0
DA:92,1
DA:93,0
DA:94,0
DA:95,0
DA:96,0
DA:97,0
DA:99,0
DA:105,1
DA:106,0
DA:107,0
DA:108,0
DA:111,0
DA:112,0
DA:113,0
DA:118,0
DA:119,0
DA:120,0
DA:121,0
DA:123,0
DA:128,1
DA:129,0
DA:130,0
DA:131,0
DA:132,0
DA:133,0
DA:134,0
DA:141,1
DA:144,0
DA:145,0
DA:146,0
DA:147,0
DA:149,0
DA:152,1
DA:153,0
DA:154,0
DA:157,1
DA:158,0
DA:159,0
DA:162,0
DA:165,1
DA:166,0
DA:167,0
DA:176,0
DA:177,0
DA:178,0
DA:179,0
DA:181,0
DA:184,0
DA:187,0
DA:188,0
DA:189,0
DA:190,0
DA:191,0
DA:193,0
DA:199,0
DA:200,0
DA:203,0
DA:204,0
DA:206,0
DA:207,0
DA:208,0
DA:209,0
LF:81
LH:9
BRDA:67,1,0,0
BRDA:67,1,1,0
BRDA:67,2,0,0
BRDA:67,2,1,0
BRDA:80,3,0,0
BRDA:80,3,1,0
BRDA:81,4,0,0
BRDA:81,4,1,0
BRDA:95,5,0,0
BRDA:95,5,1,0
BRDA:96,6,0,0
BRDA:96,6,1,0
BRDA:96,7,0,0
BRDA:96,7,1,0
BRDA:119,8,0,0
BRDA:119,8,1,0
BRDA:120,9,0,0
BRDA:120,9,1,0
BRDA:130,10,0,0
BRDA:130,10,1,0
BRDA:144,11,0,0
BRDA:144,11,1,0
BRDA:149,12,0,0
BRDA:149,12,1,0
BRDA:177,13,0,0
BRDA:177,13,1,0
BRDA:178,14,0,0
BRDA:178,14,1,0
BRDA:181,15,0,0
BRDA:181,15,1,0
BRDA:188,16,0,0
BRDA:188,16,1,0
BRDA:189,17,0,0
BRDA:189,17,1,0
BRDA:199,18,0,0
BRDA:199,18,1,0
BRDA:207,19,0,0
BRDA:207,19,1,0
BRF:38
BRH:0
end_of_record
TN:
SF:./app/js/arethusa.core/directives/token_selector.js
FN:5,(anonymous_1)
FN:11,(anonymous_2)
FN:17,(anonymous_3)
FN:25,(anonymous_4)
FN:28,(anonymous_5)
FN:31,(anonymous_6)
FN:40,(anonymous_7)
FN:44,(anonymous_8)
FN:50,switchHighlighting
FN:59,setLabel
FN:60,(anonymous_11)
FN:65,setTooltip
FN:66,(anonymous_13)
FN:71,translateSelector
FN:81,(anonymous_15)
FN:116,(anonymous_16)
FN:117,(anonymous_17)
FN:122,(anonymous_18)
FN:131,(anonymous_19)
FNF:19
FNH:0
FNDA:0,(anonymous_1)
FNDA:0,(anonymous_2)
FNDA:0,(anonymous_3)
FNDA:0,(anonymous_4)
FNDA:0,(anonymous_5)
FNDA:0,(anonymous_6)
FNDA:0,(anonymous_7)
FNDA:0,(anonymous_8)
FNDA:0,switchHighlighting
FNDA:0,setLabel
FNDA:0,(anonymous_11)
FNDA:0,setTooltip
FNDA:0,(anonymous_13)
FNDA:0,translateSelector
FNDA:0,(anonymous_15)
FNDA:0,(anonymous_16)
FNDA:0,(anonymous_17)
FNDA:0,(anonymous_18)
FNDA:0,(anonymous_19)
DA:3,1
DA:6,0
DA:12,0
DA:13,0
DA:14,0
DA:15,0
DA:17,0
DA:18,0
DA:19,0
DA:21,0
DA:24,0
DA:26,0
DA:29,0
DA:32,0
DA:33,0
DA:36,0
DA:38,0
DA:40,0
DA:41,0
DA:44,0
DA:45,0
DA:46,0
DA:50,1
DA:51,0
DA:52,0
DA:54,0
DA:56,0
DA:59,1
DA:60,0
DA:61,0
DA:65,1
DA:66,0
DA:67,0
DA:71,1
DA:72,0
DA:73,0
DA:74,0
DA:77,0
DA:78,0
DA:80,0
DA:82,0
DA:83,0
DA:87,0
DA:89,0
DA:93,0
DA:95,0
DA:100,0
DA:102,0
DA:107,0
DA:109,0
DA:116,0
DA:117,0
DA:118,0
DA:122,0
DA:123,0
DA:124,0
DA:126,0
DA:131,0
DA:132,0
LF:59
LH:5
BRDA:14,1,0,0
BRDA:14,1,1,0
BRDA:26,2,0,0
BRDA:26,2,1,0
BRDA:29,3,0,0
BRDA:29,3,1,0
BRDA:51,4,0,0
BRDA:51,4,1,0
BRDA:126,5,0,0
BRDA:126,5,1,0
BRDA:126,5,2,0
BRF:11
BRH:0
end_of_record
TN:
SF:./app/js/arethusa.core/directives/token_with_id.js
FN:4,(anonymous_1)
FN:11,(anonymous_2)
FN:12,formatId
FNF:3
FNH:0
FNDA:0,(anonymous_1)
FNDA:0,(anonymous_2)
FNDA:0,formatId
DA:2,1
DA:5,0
DA:12,1
DA:13,0
DA:16,0
LF:5
LH:2
BRF:0
BRH:0
end_of_record
TN:
SF:./app/js/arethusa.core/directives/translate_language.js
FN:7,(anonymous_1)
FN:11,(anonymous_2)
FN:14,useKey
FN:20,toggleLang
FN:27,(anonymous_5)
FN:32,(anonymous_6)
FNF:6
FNH:0
FNDA:0,(anonymous_1)
FNDA:0,(anonymous_2)
FNDA:0,useKey
FNDA:0,toggleLang
FNDA:0,(anonymous_5)
FNDA:0,(anonymous_6)
DA:3,1
DA:8,0
DA:12,0
DA:14,1
DA:15,0
DA:16,0
DA:17,0
DA:20,1
DA:21,0
DA:22,0
DA:23,0
DA:24,0
DA:27,0
DA:28,0
DA:31,0
DA:32,0
DA:33,0
DA:36,0
LF:18
LH:3
BRDA:15,1,0,0
BRDA:15,1,1,0
BRDA:15,1,2,0
BRDA:23,2,0,0
BRDA:23,2,1,0
BRF:5
BRH:0
end_of_record
TN:
SF:./app/js/arethusa.core/directives/unused_token_highlighter.js
FN:9,(anonymous_1)
FN:18,(anonymous_2)
FN:25,(anonymous_3)
FN:28,(anonymous_4)
FN:31,(anonymous_5)
FN:46,selectUnusedTokens
FN:51,(anonymous_7)
FN:52,(anonymous_8)
FN:62,(anonymous_9)
FN:63,(anonymous_10)
FN:74,(anonymous_11)
FN:79,(anonymous_12)
FN:85,(anonymous_13)
FN:89,(anonymous_14)
FNF:14
FNH:13
FNDA:14,(anonymous_1)
FNDA:14,(anonymous_2)
FNDA:9,(anonymous_3)
FNDA:1,(anonymous_4)
FNDA:39,(anonymous_5)
FNDA:1,selectUnusedTokens
FNDA:5,(anonymous_7)
FNDA:5,(anonymous_8)
FNDA:1,(anonymous_9)
FNDA:1,(anonymous_10)
FNDA:14,(anonymous_11)
FNDA:1,(anonymous_12)
FNDA:1,(anonymous_13)
FNDA:0,(anonymous_14)
DA:3,1
DA:10,14
DA:19,14
DA:20,14
DA:21,14
DA:22,14
DA:24,14
DA:26,9
DA:29,1
DA:32,39
DA:35,14
DA:40,14
DA:42,14
DA:44,14
DA:46,1
DA:47,1
DA:48,1
DA:51,14
DA:52,5
DA:53,5
DA:54,1
DA:56,4
DA:59,5
DA:62,14
DA:63,1
DA:64,1
DA:69,1
DA:70,1
DA:71,1
DA:74,14
DA:75,14
DA:76,14
DA:79,14
DA:80,1
DA:81,1
DA:82,1
DA:85,14
DA:86,1
DA:89,14
DA:90,0
LF:40
LH:39
BRDA:19,1,0,14
BRDA:19,1,1,13
BRDA:26,2,0,0
BRDA:26,2,1,9
BRDA:29,3,0,0
BRDA:29,3,1,1
BRDA:44,4,0,1
BRDA:44,4,1,13
BRDA:53,5,0,1
BRDA:53,5,1,4
BRDA:82,6,0,0
BRDA:82,6,1,1
BRF:12
BRH:9
end_of_record
TN:
SF:./app/js/arethusa.core/directives/uservoice_embed.js
FN:6,(anonymous_1)
FN:12,(anonymous_2)
FN:17,(anonymous_3)
FN:22,(anonymous_4)
FNF:4
FNH:0
FNDA:0,(anonymous_1)
FNDA:0,(anonymous_2)
FNDA:0,(anonymous_3)
FNDA:0,(anonymous_4)
DA:3,1
DA:7,0
DA:16,0
DA:17,0
DA:18,0
DA:19,0
DA:22,0
DA:23,0
DA:28,0
LF:9
LH:1
BRDA:18,1,0,0
BRDA:18,1,1,0
BRF:2
BRH:0
end_of_record
TN:
SF:./app/js/arethusa.core/directives/uservoice_trigger.js
FN:5,(anonymous_1)
FN:8,(anonymous_2)
FN:12,link
FN:14,(anonymous_4)
FNF:4
FNH:0
FNDA:0,(anonymous_1)
FNDA:0,(anonymous_2)
FNDA:0,link
FNDA:0,(anonymous_4)
DA:3,1
DA:6,0
DA:9,0
DA:10,0
DA:12,0
DA:13,0
DA:14,0
DA:15,0
LF:8
LH:1
BRF:0
BRH:0
end_of_record
TN:
SF:./app/js/arethusa.core/directives/value_watch.js
FN:3,(anonymous_1)
FN:11,(anonymous_2)
FN:12,(anonymous_3)
FNF:3
FNH:0
FNDA:0,(anonymous_1)
FNDA:0,(anonymous_2)
FNDA:0,(anonymous_3)
DA:3,1
DA:4,0
DA:12,0
DA:13,0
DA:14,0
DA:15,0
DA:17,0
DA:18,0
LF:8
LH:1
BRDA:13,1,0,0
BRDA:13,1,1,0
BRDA:17,2,0,0
BRDA:17,2,1,0
BRF:4
BRH:0
end_of_record
TN:
SF:./app/js/arethusa.core/document_resolver.js
FN:6,(anonymous_1)
FN:7,DocumentResolver
FN:12,resolve
FN:13,(anonymous_4)
FN:15,(anonymous_5)
FN:25,getRetriever
FNF:6
FNH:1
FNDA:168,(anonymous_1)
FNDA:0,DocumentResolver
FNDA:0,resolve
FNDA:0,(anonymous_4)
FNDA:0,(anonymous_5)
FNDA:0,getRetriever
DA:3,1
DA:7,168
DA:8,0
DA:10,0
DA:12,1
DA:13,0
DA:14,0
DA:15,0
DA:16,0
DA:17,0
DA:18,0
DA:19,0
DA:25,1
DA:26,0
DA:27,0
LF:15
LH:4
BRDA:17,1,0,0
BRDA:17,1,1,0
BRDA:27,2,0,0
BRDA:27,2,1,0
BRF:4
BRH:0
end_of_record
TN:
SF:./app/js/arethusa.core/document_store.js
FN:2,(anonymous_1)
FN:5,(anonymous_2)
FN:10,extractConf
FN:14,(anonymous_4)
FN:19,(anonymous_5)
FNF:5
FNH:4
FNDA:174,(anonymous_1)
FNDA:179,(anonymous_2)
FNDA:8,extractConf
FNDA:8,(anonymous_4)
FNDA:0,(anonymous_5)
DA:2,1
DA:3,174
DA:5,174
DA:6,179
DA:7,179
DA:10,1
DA:11,8
DA:14,174
DA:15,8
DA:16,8
DA:19,174
DA:20,0
DA:23,174
LF:13
LH:12
BRF:0
BRH:0
end_of_record
TN:
SF:./app/js/arethusa.core/du_scroll_easing.js
FN:3,(anonymous_1)
FNF:1
FNH:0
FNDA:0,(anonymous_1)
DA:3,1
DA:5,0
LF:2
LH:1
BRDA:5,1,0,0
BRDA:5,1,1,0
BRF:2
BRH:0
end_of_record
TN:
SF:./app/js/arethusa.core/editors.js
FN:5,(anonymous_1)
FN:10,(anonymous_2)
FNF:2
FNH:1
FNDA:4,(anonymous_1)
FNDA:0,(anonymous_2)
DA:3,1
DA:6,4
DA:8,4
DA:10,4
DA:11,0
DA:12,0
DA:13,0
DA:14,0
DA:17,4
LF:9
LH:5
BRDA:12,1,0,0
BRDA:12,1,1,0
BRF:2
BRH:0
end_of_record
TN:
SF:./app/js/arethusa.core/error_dialog.js
FN:18,(anonymous_1)
FN:19,ask
FN:28,(anonymous_3)
FN:49,(anonymous_4)
FN:56,(anonymous_5)
FNF:5
FNH:3
FNDA:176,(anonymous_1)
FNDA:1,ask
FNDA:0,(anonymous_3)
FNDA:1,(anonymous_4)
FNDA:0,(anonymous_5)
DA:15,1
DA:19,1
DA:20,1
DA:21,1
DA:22,1
DA:23,1
DA:28,1
DA:29,1
DA:49,176
DA:51,1
DA:56,1
LF:11
LH:11
BRDA:51,1,0,0
BRDA:51,1,1,1
BRF:2
BRH:1
end_of_record
TN:
SF:./app/js/arethusa.core/exit_handler.js
FN:32,(anonymous_1)
FN:51,getParams
FN:52,(anonymous_3)
FN:57,routeWithQueryParams
FN:60,(anonymous_5)
FN:68,exitUrl
FN:71,(anonymous_7)
FN:97,leave
FN:107,onLeave
FN:111,triggerLeaveEvent
FNF:10
FNH:2
FNDA:19,(anonymous_1)
FNDA:0,getParams
FNDA:0,(anonymous_3)
FNDA:0,routeWithQueryParams
FNDA:0,(anonymous_5)
FNDA:0,exitUrl
FNDA:0,(anonymous_7)
FNDA:0,leave
FNDA:19,onLeave
FNDA:0,triggerLeaveEvent
DA:26,1
DA:39,19
DA:40,19
DA:42,19
DA:45,19
DA:46,19
DA:48,19
DA:49,19
DA:51,1
DA:52,0
DA:53,0
DA:57,1
DA:58,0
DA:59,0
DA:60,0
DA:61,0
DA:63,0
DA:65,0
DA:68,1
DA:69,0
DA:70,0
DA:71,0
DA:73,0
DA:74,0
DA:76,0
DA:80,0
DA:83,19
DA:84,19
DA:85,19
DA:97,1
DA:98,0
DA:102,0
DA:103,0
DA:104,0
DA:107,1
DA:108,19
DA:111,1
DA:112,0
LF:38
LH:18
BRDA:42,1,0,19
BRDA:42,1,1,0
BRDA:58,2,0,0
BRDA:58,2,1,0
BRDA:73,3,0,0
BRDA:73,3,1,0
BRDA:102,4,0,0
BRDA:102,4,1,0
BRF:8
BRH:1
end_of_record
TN:
SF:./app/js/arethusa.core/fileHandler.js
FN:5,(anonymous_1)
FN:12,upload
FN:27,download
FN:43,createUrl
FN:47,onFileSelectFn
FN:48,(anonymous_6)
FN:51,(anonymous_7)
FN:58,parseFile
FN:67,simulateClick
FNF:9
FNH:0
FNDA:0,(anonymous_1)
FNDA:0,upload
FNDA:0,download
FNDA:0,createUrl
FNDA:0,onFileSelectFn
FNDA:0,(anonymous_6)
FNDA:0,(anonymous_7)
FNDA:0,parseFile
FNDA:0,simulateClick
DA:3,1
DA:6,0
DA:8,0
DA:9,0
DA:12,1
DA:13,0
DA:15,0
DA:16,0
DA:19,0
DA:20,0
DA:21,0
DA:22,0
DA:24,0
DA:27,1
DA:28,0
DA:31,0
DA:33,0
DA:34,0
DA:36,0
DA:37,0
DA:38,0
DA:40,0
DA:43,1
DA:44,0
DA:47,1
DA:48,0
DA:49,0
DA:50,0
DA:51,0
DA:52,0
DA:54,0
DA:58,1
DA:59,0
DA:61,0
DA:67,1
DA:68,0
DA:69,0
DA:70,0
LF:38
LH:7
BRDA:13,1,0,0
BRDA:13,1,1,0
BRDA:19,2,0,0
BRDA:19,2,1,0
BRDA:28,3,0,0
BRDA:28,3,1,0
BRDA:31,4,0,0
BRDA:31,4,1,0
BRDA:44,5,0,0
BRDA:44,5,1,0
BRDA:59,6,0,0
BRF:11
BRH:0
end_of_record
TN:
SF:./app/js/arethusa.core/filters/keys.js
FN:3,(anonymous_1)
FN:4,(anonymous_2)
FNF:2
FNH:0
FNDA:0,(anonymous_1)
FNDA:0,(anonymous_2)
DA:3,1
DA:4,0
DA:5,0
DA:6,0
DA:8,0
LF:5
LH:1
BRDA:5,1,0,0
BRDA:5,1,1,0
BRF:2
BRH:0
end_of_record
TN:
SF:./app/js/arethusa.core/global_settings.js
FN:28,(anonymous_1)
FN:36,state
FN:42,userPreferences
FN:106,configure
FN:113,Conf
FN:121,defineSettings
FN:131,(anonymous_7)
FN:135,(anonymous_8)
FN:139,(anonymous_9)
FN:143,(anonymous_10)
FN:149,(anonymous_11)
FN:153,(anonymous_12)
FN:157,(anonymous_13)
FN:161,(anonymous_14)
FN:181,(anonymous_15)
FN:198,(anonymous_16)
FN:215,(anonymous_17)
FN:238,(anonymous_18)
FN:251,(anonymous_19)
FN:263,(anonymous_20)
FN:282,(anonymous_21)
FN:283,(anonymous_22)
FN:290,setLayout
FN:294,loadLayouts
FN:304,(anonymous_25)
FN:306,(anonymous_26)
FN:314,(anonymous_27)
FN:320,cycleLayouts
FN:329,(anonymous_29)
FN:337,(anonymous_30)
FNF:30
FNH:13
FNDA:194,(anonymous_1)
FNDA:0,state
FNDA:0,userPreferences
FNDA:155,configure
FNDA:1085,Conf
FNDA:155,defineSettings
FNDA:1085,(anonymous_7)
FNDA:0,(anonymous_8)
FNDA:0,(anonymous_9)
FNDA:0,(anonymous_10)
FNDA:7,(anonymous_11)
FNDA:0,(anonymous_12)
FNDA:38,(anonymous_13)
FNDA:0,(anonymous_14)
FNDA:162,(anonymous_15)
FNDA:0,(anonymous_16)
FNDA:162,(anonymous_17)
FNDA:33,(anonymous_18)
FNDA:58,(anonymous_19)
FNDA:0,(anonymous_20)
FNDA:0,(anonymous_21)
FNDA:0,(anonymous_22)
FNDA:0,setLayout
FNDA:0,loadLayouts
FNDA:0,(anonymous_25)
FNDA:0,(anonymous_26)
FNDA:0,(anonymous_27)
FNDA:0,cycleLayouts
FNDA:176,(anonymous_29)
FNDA:155,(anonymous_30)
DA:19,1
DA:30,194
DA:32,194
DA:33,194
DA:35,194
DA:36,1
DA:37,0
DA:38,0
DA:41,194
DA:42,1
DA:43,0
DA:44,0
DA:86,194
DA:88,194
DA:92,194
DA:99,194
DA:106,1
DA:107,155
DA:108,155
DA:110,155
DA:113,1
DA:114,1085
DA:115,1085
DA:116,1085
DA:117,1085
DA:120,194
DA:121,1
DA:122,155
DA:123,155
DA:124,155
DA:125,155
DA:126,155
DA:127,155
DA:128,155
DA:131,194
DA:132,1085
DA:135,194
DA:136,0
DA:139,194
DA:140,0
DA:143,194
DA:144,0
DA:147,194
DA:149,194
DA:150,7
DA:153,194
DA:154,0
DA:157,194
DA:158,38
DA:161,194
DA:162,0
DA:165,194
DA:181,194
DA:182,162
DA:198,194
DA:199,0
DA:200,0
DA:215,194
DA:217,162
DA:218,162
DA:219,162
DA:220,162
DA:221,162
DA:222,162
DA:223,7
DA:238,194
DA:239,33
DA:251,194
DA:252,58
DA:263,194
DA:264,0
DA:265,0
DA:268,0
DA:269,0
DA:282,194
DA:283,0
DA:284,0
DA:285,0
DA:290,1
DA:291,0
DA:294,1
DA:295,0
DA:296,0
DA:297,0
DA:302,194
DA:304,194
DA:305,0
DA:306,0
DA:307,0
DA:314,0
DA:315,0
DA:317,0
DA:320,1
DA:321,0
DA:323,0
DA:324,0
DA:325,0
DA:326,0
DA:329,194
DA:330,176
DA:337,194
DA:338,155
DA:339,155
DA:340,155
LF:104
LH:71
BRDA:37,1,0,0
BRDA:37,1,1,0
BRDA:43,2,0,0
BRDA:43,2,1,0
BRDA:107,3,0,155
BRDA:107,3,1,155
BRDA:115,4,0,1085
BRDA:115,4,1,1085
BRDA:116,5,0,1085
BRDA:116,5,1,465
BRDA:158,6,0,38
BRDA:158,6,1,38
BRDA:200,7,0,0
BRDA:200,7,1,0
BRDA:217,8,0,162
BRDA:217,8,1,0
BRDA:222,9,0,7
BRDA:222,9,1,155
BRDA:264,10,0,0
BRDA:264,10,1,0
BRDA:268,11,0,0
BRDA:268,11,1,0
BRDA:284,12,0,0
BRDA:284,12,1,0
BRDA:305,13,0,0
BRDA:305,13,1,0
BRDA:321,14,0,0
BRDA:321,14,1,0
BRDA:324,15,0,0
BRDA:324,15,1,0
BRF:30
BRH:11
end_of_record
TN:
SF:./app/js/arethusa.core/global_store.js
FN:4,(anonymous_1)
FNF:1
FNH:0
FNDA:0,(anonymous_1)
DA:3,1
DA:5,0
LF:2
LH:1
BRF:0
BRH:0
end_of_record
TN:
SF:./app/js/arethusa.core/help.js
FN:4,(anonymous_1)
FN:7,(anonymous_2)
FNF:2
FNH:0
FNDA:0,(anonymous_1)
FNDA:0,(anonymous_2)
DA:3,1
DA:5,0
DA:7,0
DA:8,0
DA:11,0
LF:5
LH:1
BRF:0
BRH:0
end_of_record
TN:
SF:./app/js/arethusa.core/highlighter.js
FN:15,(anonymous_1)
FN:16,(anonymous_2)
FN:19,(anonymous_3)
FN:20,(anonymous_4)
FN:25,(anonymous_5)
FN:30,(anonymous_6)
FN:31,(anonymous_7)
FNF:7
FNH:7
FNDA:14,(anonymous_1)
FNDA:14,(anonymous_2)
FNDA:5,(anonymous_3)
FNDA:5,(anonymous_4)
FNDA:2,(anonymous_5)
FNDA:2,(anonymous_6)
FNDA:2,(anonymous_7)
DA:13,1
DA:16,14
DA:17,14
DA:19,14
DA:20,5
DA:21,5
DA:25,14
DA:26,2
DA:27,2
DA:30,14
DA:31,2
DA:32,2
LF:12
LH:12
BRF:0
BRH:0
end_of_record
TN:
SF:./app/js/arethusa.core/id_handler.js
FN:13,(anonymous_1)
FN:26,(anonymous_2)
FN:35,(anonymous_3)
FN:40,(anonymous_4)
FN:71,(anonymous_5)
FN:88,assignSourceId
FN:106,wIdParts
FN:110,IdMapping
FN:117,(anonymous_9)
FN:121,(anonymous_10)
FN:133,(anonymous_11)
FN:138,(anonymous_12)
FN:139,(anonymous_13)
FN:145,Transformation
FN:150,(anonymous_15)
FN:169,(anonymous_16)
FN:171,(anonymous_17)
FN:181,letterInFront
FN:186,letterAfter
FN:191,(anonymous_20)
FN:196,(anonymous_21)
FN:200,(anonymous_22)
FN:204,incDec
FN:221,(anonymous_24)
FN:225,(anonymous_25)
FN:229,parseId
FN:233,(anonymous_27)
FN:235,(anonymous_28)
FNF:28
FNH:26
FNDA:176,(anonymous_1)
FNDA:19,(anonymous_2)
FNDA:1,(anonymous_3)
FNDA:0,(anonymous_4)
FNDA:0,(anonymous_5)
FNDA:24,assignSourceId
FNDA:9,wIdParts
FNDA:23,IdMapping
FNDA:29,(anonymous_9)
FNDA:29,(anonymous_10)
FNDA:26,(anonymous_11)
FNDA:1,(anonymous_12)
FNDA:1,(anonymous_13)
FNDA:4,Transformation
FNDA:16,(anonymous_15)
FNDA:4,(anonymous_16)
FNDA:16,(anonymous_17)
FNDA:1,letterInFront
FNDA:1,letterAfter
FNDA:4,(anonymous_20)
FNDA:1,(anonymous_21)
FNDA:2,(anonymous_22)
FNDA:9,incDec
FNDA:6,(anonymous_24)
FNDA:3,(anonymous_25)
FNDA:9,parseId
FNDA:1,(anonymous_27)
FNDA:4,(anonymous_28)
DA:11,1
DA:14,176
DA:24,176
DA:26,176
DA:27,19
DA:28,19
DA:29,19
DA:35,176
DA:36,1
DA:37,1
DA:40,176
DA:41,0
DA:43,0
DA:45,0
DA:46,0
DA:47,0
DA:48,0
DA:49,0
DA:50,0
DA:51,0
DA:52,0
DA:53,0
DA:55,0
DA:71,176
DA:72,0
DA:88,1
DA:89,24
DA:90,24
DA:91,11
DA:93,24
DA:94,12
DA:96,24
DA:97,24
DA:98,23
DA:100,24
DA:101,1
DA:103,24
DA:106,1
DA:107,9
DA:110,1
DA:112,23
DA:113,23
DA:117,176
DA:118,29
DA:119,29
DA:121,29
DA:127,29
DA:128,23
DA:130,29
DA:133,29
DA:134,26
DA:135,26
DA:138,29
DA:139,1
DA:140,1
DA:145,1
DA:146,4
DA:147,4
DA:148,4
DA:149,4
DA:150,4
DA:151,16
DA:152,16
DA:153,16
DA:154,13
DA:155,13
DA:157,3
DA:158,3
DA:159,3
DA:163,3
DA:169,176
DA:170,4
DA:171,4
DA:172,16
DA:176,176
DA:177,176
DA:178,4576
DA:181,1
DA:182,1
DA:183,1
DA:186,1
DA:187,1
DA:188,1
DA:191,176
DA:192,4
DA:195,176
DA:196,176
DA:197,1
DA:200,176
DA:201,2
DA:204,1
DA:205,9
DA:206,9
DA:207,9
DA:208,9
DA:210,9
DA:211,9
DA:212,9
DA:213,2
DA:215,7
DA:217,9
DA:221,176
DA:222,6
DA:225,176
DA:226,3
DA:229,1
DA:230,9
DA:233,176
DA:234,1
DA:235,1
DA:236,4
DA:237,4
DA:238,3
DA:239,2
DA:243,1
LF:115
LH:102
BRDA:27,1,0,11
BRDA:27,1,1,8
BRDA:29,2,0,11
BRDA:29,2,1,8
BRDA:41,3,0,0
BRDA:41,3,1,0
BRDA:43,4,0,0
BRDA:43,4,1,0
BRDA:51,5,0,0
BRDA:51,5,1,0
BRDA:52,6,0,0
BRDA:52,6,1,0
BRDA:53,7,0,0
BRDA:53,7,1,0
BRDA:90,8,0,11
BRDA:90,8,1,13
BRDA:93,9,0,12
BRDA:93,9,1,12
BRDA:97,10,0,23
BRDA:97,10,1,1
BRDA:100,11,0,1
BRDA:100,11,1,23
BRDA:127,12,0,23
BRDA:127,12,1,6
BRDA:127,13,0,29
BRDA:127,13,1,24
BRDA:135,14,0,23
BRDA:135,14,1,3
BRDA:153,15,0,13
BRDA:153,15,1,3
BRDA:159,16,0,3
BRDA:159,16,1,0
BRDA:201,17,0,1
BRDA:201,17,1,1
BRDA:211,18,0,9
BRDA:211,18,1,7
BRDA:212,19,0,2
BRDA:212,19,1,7
BRDA:213,20,0,1
BRDA:213,20,1,1
BRDA:215,21,0,2
BRDA:215,21,1,5
BRDA:237,22,0,3
BRDA:237,22,1,1
BRDA:238,23,0,2
BRDA:238,23,1,1
BRF:46
BRH:35
end_of_record
TN:
SF:./app/js/arethusa.core/key_capture.js
FN:20,(anonymous_1)
FN:23,(anonymous_2)
FN:54,(anonymous_3)
FN:58,(anonymous_4)
FN:62,(anonymous_5)
FN:71,(anonymous_6)
FN:75,(anonymous_7)
FN:89,parseKey
FN:103,modifiers
FN:108,(anonymous_10)
FN:152,sortLookUp
FN:156,(anonymous_12)
FN:162,keysFor
FN:169,modifiedKeyCode
FN:180,(anonymous_15)
FN:189,broadcastKey
FN:194,(anonymous_17)
FN:208,(anonymous_18)
FN:224,(anonymous_19)
FN:231,isRepeater
FN:238,resetRepeater
FN:242,Callback
FN:250,addToKeyList
FN:262,(anonymous_24)
FN:269,(anonymous_25)
FN:272,sortedByPriority
FN:273,(anonymous_27)
FN:288,(anonymous_28)
FN:292,resumePropagation
FN:296,resolveCallbacks
FN:297,(anonymous_31)
FN:304,Capture
FN:310,(anonymous_33)
FN:314,addToKeys
FN:319,addToKeyLists
FN:322,(anonymous_36)
FN:323,(anonymous_37)
FN:328,(anonymous_38)
FN:342,destructorFn
FN:343,(anonymous_40)
FN:348,removeElement
FN:361,(anonymous_42)
FN:363,(anonymous_43)
FN:365,(anonymous_44)
FN:369,(anonymous_45)
FN:386,usKeyboardLayout
FN:391,setStyle
FN:408,pushKeys
FN:421,(anonymous_49)
FN:427,(anonymous_50)
FN:429,(anonymous_51)
FNF:51
FNH:31
FNDA:190,(anonymous_1)
FNDA:339,(anonymous_2)
FNDA:8360,(anonymous_3)
FNDA:0,(anonymous_4)
FNDA:0,(anonymous_5)
FNDA:616,(anonymous_6)
FNDA:142,(anonymous_7)
FNDA:616,parseKey
FNDA:0,modifiers
FNDA:0,(anonymous_10)
FNDA:0,sortLookUp
FNDA:0,(anonymous_12)
FNDA:0,keysFor
FNDA:13,modifiedKeyCode
FNDA:13,(anonymous_15)
FNDA:7,broadcastKey
FNDA:0,(anonymous_17)
FNDA:20,(anonymous_18)
FNDA:5,(anonymous_19)
FNDA:20,isRepeater
FNDA:13,resetRepeater
FNDA:616,Callback
FNDA:616,addToKeyList
FNDA:616,(anonymous_24)
FNDA:0,(anonymous_25)
FNDA:616,sortedByPriority
FNDA:4,(anonymous_27)
FNDA:0,(anonymous_28)
FNDA:13,resumePropagation
FNDA:13,resolveCallbacks
FNDA:15,(anonymous_31)
FNDA:603,Capture
FNDA:603,(anonymous_33)
FNDA:603,addToKeys
FNDA:330,addToKeyLists
FNDA:330,(anonymous_36)
FNDA:603,(anonymous_37)
FNDA:0,(anonymous_38)
FNDA:660,destructorFn
FNDA:0,(anonymous_40)
FNDA:0,removeElement
FNDA:330,(anonymous_42)
FNDA:330,(anonymous_43)
FNDA:603,(anonymous_44)
FNDA:0,(anonymous_45)
FNDA:0,usKeyboardLayout
FNDA:0,setStyle
FNDA:0,pushKeys
FNDA:0,(anonymous_49)
FNDA:0,(anonymous_50)
FNDA:0,(anonymous_51)
DA:17,1
DA:21,190
DA:23,190
DA:24,339
DA:25,339
DA:28,190
DA:50,190
DA:51,4940
DA:54,190
DA:55,8360
DA:58,190
DA:59,0
DA:62,190
DA:63,0
DA:66,190
DA:67,190
DA:68,190
DA:69,190
DA:71,190
DA:72,616
DA:73,616
DA:74,616
DA:75,616
DA:76,142
DA:77,142
DA:78,2
DA:79,140
DA:80,0
DA:81,0
DA:83,142
DA:86,616
DA:89,1
DA:90,616
DA:91,616
DA:92,616
DA:94,139
DA:95,138
DA:97,139
DA:100,616
DA:103,1
DA:104,0
DA:107,190
DA:108,190
DA:111,0
DA:112,0
DA:115,0
DA:116,0
DA:117,0
DA:118,0
DA:119,0
DA:122,0
DA:123,0
DA:125,0
DA:126,0
DA:128,0
DA:129,0
DA:130,0
DA:131,0
DA:132,0
DA:134,0
DA:137,0
DA:138,0
DA:139,0
DA:141,0
DA:145,0
DA:146,0
DA:147,0
DA:148,0
DA:149,0
DA:152,1
DA:153,0
DA:154,0
DA:155,0
DA:156,0
DA:157,0
DA:159,0
DA:162,1
DA:163,0
DA:164,0
DA:167,190
DA:169,1
DA:170,13
DA:172,13
DA:173,13
DA:174,13
DA:175,13
DA:177,13
DA:180,190
DA:181,13
DA:182,13
DA:183,13
[...]
FN:38,(anonymous_6)
FN:45,(anonymous_7)
FN:51,(anonymous_8)
FN:63,toggleContext
FN:69,(anonymous_10)
FN:77,(anonymous_11)
FNF:11
FNH:0
FNDA:0,(anonymous_1)
FNDA:0,configure
FNDA:0,addRealToken
FNDA:0,removeRealToken
FNDA:0,selectRealTokens
FNDA:0,(anonymous_6)
FNDA:0,(anonymous_7)
FNDA:0,(anonymous_8)
FNDA:0,toggleContext
FNDA:0,(anonymous_10)
FNDA:0,(anonymous_11)
DA:2,1
DA:10,0
DA:11,0
DA:13,0
DA:17,1
DA:18,0
DA:19,0
DA:22,1
DA:23,0
DA:24,0
DA:28,1
DA:29,0
DA:30,0
DA:34,1
DA:35,0
DA:38,0
DA:39,0
DA:45,0
DA:46,0
DA:47,0
DA:51,0
DA:52,0
DA:53,0
DA:57,0
DA:59,0
DA:63,1
DA:64,0
DA:65,0
DA:66,0
DA:69,0
DA:70,0
DA:77,0
DA:78,0
DA:79,0
LF:34
LH:6
BRDA:23,1,0,0
BRDA:23,1,1,0
BRDA:29,2,0,0
BRDA:29,2,1,0
BRDA:39,3,0,0
BRDA:39,3,1,0
BRDA:46,4,0,0
BRDA:46,4,1,0
BRDA:52,5,0,0
BRDA:52,5,1,0
BRF:10
BRH:0
end_of_record
TN:
SF:./app/js/arethusa.tools/morph_imports.js
FNF:0
FNH:0
DA:3,1
LF:1
LH:1
BRF:0
BRH:0
end_of_record
TN:
SF:./app/js/arethusa.tools/morph_tools_ctrl.js
FN:15,(anonymous_1)
FN:58,useLanguage
FN:63,init
FN:67,(anonymous_4)
FN:75,parseOrigin
FN:81,(anonymous_6)
FN:90,loadFormsFromCsv
FN:93,(anonymous_8)
FN:104,(anonymous_9)
FN:115,formNotDuplicate
FN:117,(anonymous_11)
FN:119,(anonymous_12)
FN:126,resetStatus
FN:134,(anonymous_14)
FN:140,loadCsvFile
FN:142,(anonymous_16)
FN:149,doImport
FN:151,(anonymous_18)
FN:152,(anonymous_19)
FN:161,doExport
FN:173,importFile
FN:177,exportFile
FN:181,exportFrequencyFile
FN:185,importFrequencyFile
FN:190,setFormExportCount
FN:194,setFormImportCount
FN:198,setFrequencyExportCount
FN:202,setFrequencyImportCount
FN:206,setCount
FN:210,countForms
FN:211,(anonymous_31)
FN:217,countFrequencyForms
FN:218,(anonymous_33)
FNF:33
FNH:0
FNDA:0,(anonymous_1)
FNDA:0,useLanguage
FNDA:0,init
FNDA:0,(anonymous_4)
FNDA:0,parseOrigin
FNDA:0,(anonymous_6)
FNDA:0,loadFormsFromCsv
FNDA:0,(anonymous_8)
FNDA:0,(anonymous_9)
FNDA:0,formNotDuplicate
FNDA:0,(anonymous_11)
FNDA:0,(anonymous_12)
FNDA:0,resetStatus
FNDA:0,(anonymous_14)
FNDA:0,loadCsvFile
FNDA:0,(anonymous_16)
FNDA:0,doImport
FNDA:0,(anonymous_18)
FNDA:0,(anonymous_19)
FNDA:0,doExport
FNDA:0,importFile
FNDA:0,exportFile
FNDA:0,exportFrequencyFile
FNDA:0,importFrequencyFile
FNDA:0,setFormExportCount
FNDA:0,setFormImportCount
FNDA:0,setFrequencyExportCount
FNDA:0,setFrequencyImportCount
FNDA:0,setCount
FNDA:0,countForms
FNDA:0,(anonymous_31)
FNDA:0,countFrequencyForms
FNDA:0,(anonymous_33)
DA:3,1
DA:28,0
DA:29,0
DA:30,0
DA:32,0
DA:37,0
DA:43,0
DA:45,0
DA:48,0
DA:50,0
DA:51,0
DA:53,0
DA:54,0
DA:56,0
DA:58,1
DA:59,0
DA:60,0
DA:63,1
DA:65,0
DA:67,0
DA:68,0
DA:69,0
DA:70,0
DA:75,1
DA:76,0
DA:77,0
DA:78,0
DA:79,0
DA:81,0
DA:82,0
DA:83,0
DA:84,0
DA:87,0
DA:90,1
DA:91,0
DA:92,0
DA:93,0
DA:97,0
DA:98,0
DA:99,0
DA:104,0
DA:105,0
DA:106,0
DA:107,0
DA:108,0
DA:109,0
DA:115,1
DA:116,0
DA:117,0
DA:118,0
DA:119,0
DA:120,0
DA:123,0
DA:126,1
DA:127,0
DA:134,0
DA:135,0
DA:136,0
DA:140,1
DA:141,0
DA:142,0
DA:143,0
DA:144,0
DA:145,0
DA:149,1
DA:150,0
DA:151,0
DA:152,0
DA:153,0
DA:155,0
DA:156,0
DA:161,1
DA:162,0
DA:163,0
DA:164,0
DA:170,0
DA:173,1
DA:174,0
DA:177,1
DA:178,0
DA:181,1
DA:182,0
DA:185,1
DA:186,0
DA:190,1
DA:191,0
DA:194,1
DA:195,0
DA:198,1
DA:199,0
DA:202,1
DA:203,0
DA:206,1
DA:207,0
DA:210,1
DA:211,0
DA:212,0
DA:213,0
DA:217,1
DA:218,0
DA:219,0
DA:220,0
LF:102
LH:21
BRDA:78,1,0,0
BRDA:78,1,1,0
BRDA:107,2,0,0
BRDA:107,2,1,0
BRDA:118,3,0,0
BRDA:118,3,1,0
BRF:6
BRH:0
end_of_record
TN:
SF:./app/js/arethusa.util/commons.js
FN:13,ArethusaClasses
FN:15,Setting
FN:35,(anonymous_3)
FN:38,Doc
FN:63,(anonymous_5)
FN:66,Sentence
FN:72,(anonymous_7)
FN:73,(anonymous_8)
FN:88,(anonymous_9)
FN:91,Constituent
FN:110,(anonymous_11)
FN:121,Token
FN:128,(anonymous_13)
FNF:13
FNH:9
FNDA:37,ArethusaClasses
FNDA:85,Setting
FNDA:85,(anonymous_3)
FNDA:4,Doc
FNDA:4,(anonymous_5)
FNDA:5,Sentence
FNDA:0,(anonymous_7)
FNDA:0,(anonymous_8)
FNDA:5,(anonymous_9)
FNDA:0,Constituent
FNDA:0,(anonymous_11)
FNDA:8,Token
FNDA:8,(anonymous_13)
DA:12,1
DA:15,1
DA:16,85
DA:17,85
DA:18,85
DA:19,19
DA:21,66
DA:35,85
DA:38,1
DA:39,4
DA:40,4
DA:41,4
DA:63,37
DA:66,1
DA:67,5
DA:69,5
DA:70,5
DA:72,5
DA:73,0
DA:74,0
DA:88,37
DA:91,1
DA:92,0
DA:93,0
DA:94,0
DA:95,0
DA:96,0
DA:98,0
DA:110,37
DA:121,1
DA:122,8
DA:123,8
DA:125,8
DA:128,37
LF:34
LH:26
BRDA:18,1,0,19
BRDA:18,1,1,66
BRDA:70,2,0,5
BRDA:70,2,1,5
BRF:4
BRH:4
end_of_record
TN:
SF:./app/js/arethusa.util/generator.js
FN:7,ArethusaGenerator
FN:8,(anonymous_2)
FN:11,(anonymous_3)
FN:14,updateTitle
FN:20,link
FN:21,executeToggle
FN:26,toggle
FN:42,(anonymous_8)
FN:45,(anonymous_9)
FN:58,(anonymous_10)
FN:64,(anonymous_11)
FN:67,(anonymous_12)
FN:75,(anonymous_13)
FN:83,(anonymous_14)
FN:90,(anonymous_15)
FN:97,(anonymous_16)
FN:102,setTitle
FNF:17
FNH:0
FNDA:0,ArethusaGenerator
FNDA:0,(anonymous_2)
FNDA:0,(anonymous_3)
FNDA:0,updateTitle
FNDA:0,link
FNDA:0,executeToggle
FNDA:0,toggle
FNDA:0,(anonymous_8)
FNDA:0,(anonymous_9)
FNDA:0,(anonymous_10)
FNDA:0,(anonymous_11)
FNDA:0,(anonymous_12)
FNDA:0,(anonymous_13)
FNDA:0,(anonymous_14)
FNDA:0,(anonymous_15)
FNDA:0,(anonymous_16)
FNDA:0,setTitle
DA:6,1
DA:8,0
DA:9,0
DA:12,0
DA:14,1
DA:15,0
DA:16,0
DA:17,0
DA:20,0
DA:21,1
DA:22,0
DA:23,0
DA:26,1
DA:30,0
DA:31,0
DA:33,0
DA:37,0
DA:39,0
DA:41,0
DA:42,0
DA:43,0
DA:44,0
DA:45,0
DA:47,0
DA:50,0
DA:58,0
DA:60,0
DA:61,0
DA:65,0
DA:67,0
DA:68,0
DA:69,0
DA:71,0
DA:75,0
DA:76,0
DA:77,0
DA:79,0
DA:83,0
DA:84,0
DA:88,0
DA:90,0
DA:91,0
DA:92,0
DA:93,0
DA:97,0
DA:98,0
DA:99,0
DA:102,1
DA:103,0
LF:49
LH:5
BRDA:16,1,0,0
BRDA:16,1,1,0
BRDA:30,2,0,0
BRDA:30,2,1,0
BRDA:41,3,0,0
BRDA:41,3,1,0
BRDA:60,4,0,0
BRDA:60,4,1,0
BRDA:68,5,0,0
BRDA:68,5,1,0
BRDA:76,6,0,0
BRDA:76,6,1,0
BRDA:91,7,0,0
BRDA:91,7,1,0
BRF:14
BRH:0
end_of_record
TN:
SF:./app/js/arethusa.util/helpers.js
FN:5,(anonymous_1)
FN:20,(anonymous_2)
FN:24,(anonymous_3)
FN:27,(anonymous_4)
FN:32,(anonymous_5)
FN:35,(anonymous_6)
FN:47,(anonymous_7)
FN:49,(anonymous_8)
FN:60,(anonymous_9)
FN:69,(anonymous_10)
FN:74,(anonymous_11)
FN:85,(anonymous_12)
FN:87,(anonymous_13)
FN:88,(anonymous_14)
FN:105,(anonymous_15)
FN:109,(anonymous_16)
FN:119,(anonymous_17)
FN:126,isIncluded
FN:130,(anonymous_19)
FN:134,(anonymous_20)
FN:147,(anonymous_21)
FN:151,(anonymous_22)
FN:155,(anonymous_23)
FN:162,(anonymous_24)
FN:166,(anonymous_25)
FN:171,(anonymous_26)
FN:220,(anonymous_27)
FN:229,(anonymous_28)
FN:244,(anonymous_29)
FN:246,(anonymous_30)
FN:253,(anonymous_31)
FN:276,(anonymous_32)
FN:281,(anonymous_33)
FN:285,(anonymous_34)
FN:286,(anonymous_35)
FN:289,(anonymous_36)
FN:290,(anonymous_37)
FN:293,(anonymous_38)
FN:298,(anonymous_39)
FN:302,(anonymous_40)
FN:306,(anonymous_41)
FN:318,(anonymous_42)
FNF:42
FNH:37
FNDA:39,(anonymous_1)
FNDA:0,(anonymous_2)
FNDA:110,(anonymous_3)
FNDA:2,(anonymous_4)
FNDA:52,(anonymous_5)
FNDA:115,(anonymous_6)
FNDA:752,(anonymous_7)
FNDA:258,(anonymous_8)
FNDA:2,(anonymous_9)
FNDA:79,(anonymous_10)
FNDA:83,(anonymous_11)
FNDA:2,(anonymous_12)
FNDA:3,(anonymous_13)
FNDA:15,(anonymous_14)
FNDA:825,(anonymous_15)
FNDA:41,(anonymous_16)
FNDA:3,(anonymous_17)
FNDA:6,isIncluded
FNDA:168,(anonymous_19)
FNDA:3,(anonymous_20)
FNDA:1,(anonymous_21)
FNDA:2,(anonymous_22)
FNDA:3,(anonymous_23)
FNDA:8,(anonymous_24)
FNDA:6,(anonymous_25)
FNDA:0,(anonymous_26)
FNDA:22,(anonymous_27)
FNDA:959,(anonymous_28)
FNDA:2,(anonymous_29)
FNDA:4,(anonymous_30)
FNDA:0,(anonymous_31)
FNDA:0,(anonymous_32)
FNDA:0,(anonymous_33)
FNDA:1,(anonymous_34)
FNDA:1,(anonymous_35)
FNDA:1,(anonymous_36)
FNDA:1,(anonymous_37)
FNDA:35,(anonymous_38)
FNDA:2,(anonymous_39)
FNDA:1,(anonymous_40)
FNDA:1,(anonymous_41)
FNDA:1,(anonymous_42)
DA:4,1
DA:7,39
DA:8,39
DA:9,2
DA:12,37
DA:13,37
DA:14,101
DA:16,37
DA:21,0
DA:25,110
DA:26,1
DA:27,2
DA:30,110
DA:31,73
DA:32,73
DA:34,110
DA:35,110
DA:36,115
DA:37,2
DA:38,2
DA:39,2
DA:41,113
DA:44,110
DA:48,752
DA:49,157
DA:50,258
DA:53,595
DA:54,8931
DA:57,752
DA:61,2
DA:62,2
DA:63,9
DA:64,9
DA:66,2
DA:70,79
DA:71,79
DA:75,83
DA:76,144
DA:77,144
DA:78,144
DA:79,63
DA:86,2
DA:87,2
DA:88,3
DA:89,15
DA:90,15
DA:91,9
DA:93,15
DA:94,24
DA:95,24
DA:96,12
DA:99,15
DA:101,3
DA:106,825
DA:110,41
DA:112,36
DA:113,19
DA:115,17
DA:120,3
DA:121,3
DA:122,0
DA:123,0
DA:124,0
DA:126,6
DA:127,3
DA:131,168
DA:135,3
DA:137,1
DA:139,2
DA:140,4
DA:141,3
DA:148,1
DA:152,2
DA:156,3
DA:163,8
DA:167,6
DA:172,0
DA:173,0
DA:174,0
DA:175,0
DA:176,0
DA:177,0
DA:178,0
DA:179,0
DA:180,0
DA:181,0
DA:182,0
DA:183,0
DA:184,0
DA:185,0
DA:186,0
DA:188,0
DA:189,0
DA:191,0
DA:194,0
DA:195,0
DA:196,0
DA:199,0
DA:200,0
DA:201,0
DA:202,0
DA:203,0
DA:204,0
DA:205,0
DA:206,0
DA:210,0
DA:211,0
DA:214,0
DA:215,0
DA:217,0
DA:221,22
DA:222,22
DA:223,43
DA:224,43
DA:226,22
DA:230,959
DA:231,959
DA:232,959
DA:233,10
DA:234,10
DA:235,10
DA:236,3
DA:238,7
DA:241,959
DA:245,2
DA:246,2
DA:247,4
DA:248,4
DA:249,4
DA:254,0
DA:255,0
DA:257,0
DA:258,0
DA:259,0
DA:260,0
DA:261,0
DA:263,0
DA:265,0
DA:267,0
DA:269,0
DA:271,0
DA:273,0
DA:276,0
DA:277,0
DA:282,0
DA:286,1
DA:290,1
DA:294,35
DA:295,35
DA:299,2
DA:303,1
DA:307,1
DA:308,1
DA:309,1
DA:310,1
DA:311,1
DA:312,1
DA:315,1
DA:319,1
DA:320,1
DA:321,6
DA:322,6
DA:323,6
DA:324,11
DA:325,11
DA:326,3
DA:327,3
DA:330,6
DA:332,1
DA:336,1
LF:170
LH:116
BRDA:8,1,0,2
BRDA:8,1,1,37
BRDA:21,2,0,0
BRDA:21,2,1,0
BRDA:25,3,0,1
BRDA:25,3,1,109
BRDA:30,4,0,73
BRDA:30,4,1,37
BRDA:36,5,0,2
BRDA:36,5,1,113
BRDA:48,6,0,157
BRDA:48,6,1,595
BRDA:64,7,0,7
BRDA:64,7,1,2
BRDA:64,8,0,9
BRDA:64,8,1,3
BRDA:76,9,0,144
BRDA:76,9,1,0
BRDA:78,10,0,63
BRDA:78,10,1,81
BRDA:90,11,0,9
BRDA:90,11,1,6
BRDA:95,12,0,12
BRDA:95,12,1,12
BRDA:95,13,0,24
BRDA:95,13,1,12
BRDA:110,14,0,5
BRDA:110,14,1,36
BRDA:112,15,0,19
BRDA:112,15,1,17
BRDA:121,16,0,0
BRDA:121,16,1,3
BRDA:135,17,0,1
BRDA:135,17,1,2
BRDA:140,18,0,3
BRDA:140,18,1,1
BRDA:182,19,0,0
BRDA:182,19,1,0
BRDA:184,20,0,0
BRDA:184,20,1,0
BRDA:185,21,0,0
BRDA:185,21,1,0
BRDA:188,22,0,0
BRDA:188,22,1,0
BRDA:201,23,0,0
BRDA:201,23,1,0
BRDA:204,24,0,0
BRDA:204,24,1,0
BRDA:210,25,0,0
BRDA:210,25,1,0
BRDA:224,26,0,7
BRDA:224,26,1,36
BRDA:235,27,0,3
BRDA:235,27,1,7
BRDA:248,28,0,2
BRDA:248,28,1,2
BRDA:255,29,0,0
BRDA:255,29,1,0
BRDA:261,30,0,0
BRDA:261,30,1,0
BRDA:261,30,2,0
BRDA:261,30,3,0
BRDA:261,30,4,0
BRDA:261,30,5,0
BRDA:295,31,0,35
BRDA:295,31,1,0
BRDA:310,32,0,1
BRDA:310,32,1,0
BRDA:325,33,0,3
BRDA:325,33,1,8
BRDA:330,34,0,3
BRDA:330,34,1,3
BRF:72
BRH:44
end_of_record
TN:
SF:./app/js/arethusa.util/logger.js
FN:13,(anonymous_1)
FN:25,(anonymous_2)
FNF:2
FNH:2
FNDA:168,(anonymous_1)
FNDA:1,(anonymous_2)
DA:12,1
DA:25,168
DA:26,1
LF:3
LH:3
BRF:0
BRH:0
end_of_record
TN:
SF:./app/js/arethusa/constituent_treebank_retriever.js
FN:10,(anonymous_1)
FN:14,parseDocument
FN:23,parseSentences
FN:24,(anonymous_4)
FN:29,parseSentence
FN:47,parseWordGroup
FN:59,(anonymous_7)
FN:63,(anonymous_8)
FN:69,parseWord
FN:82,parseMorph
FN:96,addConstituent
FN:105,Container
FN:108,(anonymous_13)
FN:113,setUpConstituents
FN:130,resetSentenceIdCounter
FN:131,getSentenceId
FN:133,getWordId
FN:138,(anonymous_18)
FN:143,(anonymous_19)
FN:150,(anonymous_20)
FN:151,(anonymous_21)
FNF:21
FNH:0
FNDA:0,(anonymous_1)
FNDA:0,parseDocument
FNDA:0,parseSentences
FNDA:0,(anonymous_4)
FNDA:0,parseSentence
FNDA:0,parseWordGroup
FNDA:0,(anonymous_7)
FNDA:0,(anonymous_8)
FNDA:0,parseWord
FNDA:0,parseMorph
FNDA:0,addConstituent
FNDA:0,Container
FNDA:0,(anonymous_13)
FNDA:0,setUpConstituents
FNDA:0,resetSentenceIdCounter
FNDA:0,getSentenceId
FNDA:0,getWordId
FNDA:0,(anonymous_18)
FNDA:0,(anonymous_19)
FNDA:0,(anonymous_20)
FNDA:0,(anonymous_21)
DA:3,1
DA:14,1
DA:15,0
DA:16,0
DA:17,0
DA:18,0
DA:19,0
DA:20,0
DA:23,1
DA:24,0
DA:25,0
DA:29,1
DA:30,0
DA:31,0
DA:32,0
DA:35,0
DA:36,0
DA:38,0
DA:40,0
DA:41,0
DA:42,0
DA:43,0
DA:44,0
DA:47,1
DA:48,0
DA:49,0
DA:57,0
DA:59,0
DA:60,0
DA:63,0
DA:64,0
DA:69,1
DA:70,0
DA:72,0
DA:73,0
DA:74,0
DA:76,0
DA:77,0
DA:79,0
DA:82,1
DA:83,0
DA:84,0
DA:85,0
DA:86,0
DA:87,0
DA:90,0
DA:96,1
DA:97,0
DA:105,1
DA:106,0
DA:107,0
DA:108,0
DA:109,0
DA:113,1
DA:114,0
DA:117,0
DA:129,0
DA:130,1
DA:131,1
DA:133,1
DA:134,0
DA:138,0
DA:139,0
DA:140,0
DA:141,0
DA:143,0
DA:144,0
DA:145,0
DA:147,0
DA:150,0
DA:151,0
DA:152,0
DA:153,0
LF:73
LH:13
BRDA:85,1,0,0
BRDA:85,1,1,0
BRDA:87,2,0,0
BRDA:87,2,1,0
BRDA:114,3,0,0
BRDA:114,3,1,0
BRF:6
BRH:0
end_of_record
TN:
SF:./app/js/arethusa/global_error_handler.js
FN:6,(anonymous_1)
FN:8,errorHandler
FN:25,(anonymous_3)
FN:26,errorHandler
FNF:4
FNH:2
FNDA:1,(anonymous_1)
FNDA:0,errorHandler
FNDA:35,(anonymous_3)
FNDA:0,errorHandler
DA:3,1
DA:7,1
DA:8,1
DA:9,0
DA:10,0
DA:14,0
DA:15,0
DA:17,0
DA:22,1
DA:26,35
DA:27,0
DA:28,0
DA:29,0
LF:13
LH:5
BRDA:14,1,0,0
BRDA:14,1,1,0
BRF:2
BRH:0
end_of_record
TN:
SF:./app/js/arethusa/hebrew_persister.js
FN:8,(anonymous_1)
FN:9,(anonymous_2)
FN:14,updateDocument
FN:18,updateXml
FN:22,doc
FN:27,(anonymous_6)
FNF:6
FNH:0
FNDA:0,(anonymous_1)
FNDA:0,(anonymous_2)
FNDA:0,updateDocument
FNDA:0,updateXml
FNDA:0,doc
FNDA:0,(anonymous_6)
DA:3,1
DA:9,0
DA:10,0
DA:11,0
DA:12,0
DA:14,1
DA:18,1
DA:22,1
DA:23,0
DA:27,0
DA:28,0
DA:29,0
DA:30,0
LF:13
LH:4
BRF:0
BRH:0
end_of_record
TN:
SF:./app/js/arethusa/hebrew_retriever.js
FN:9,(anonymous_1)
FN:10,(anonymous_2)
FN:15,Token
FN:22,createIds
FN:31,extractTokens
FN:34,(anonymous_6)
FN:37,(anonymous_7)
FN:51,parseDocument
FN:53,(anonymous_9)
FN:64,(anonymous_10)
FN:66,(anonymous_11)
FNF:11
FNH:0
FNDA:0,(anonymous_1)
FNDA:0,(anonymous_2)
FNDA:0,Token
FNDA:0,createIds
FNDA:0,extractTokens
FNDA:0,(anonymous_6)
FNDA:0,(anonymous_7)
FNDA:0,parseDocument
FNDA:0,(anonymous_9)
FNDA:0,(anonymous_10)
FNDA:0,(anonymous_11)
DA:3,1
DA:10,0
DA:11,0
DA:12,0
DA:13,0
DA:15,1
DA:16,0
DA:17,0
DA:18,0
DA:19,0
DA:22,1
DA:23,0
DA:24,0
DA:25,0
DA:26,0
DA:27,0
DA:28,0
DA:31,1
DA:32,0
DA:34,0
DA:35,0
DA:36,0
DA:37,0
DA:38,0
DA:39,0
DA:40,0
DA:41,0
DA:42,0
DA:43,0
DA:44,0
DA:48,0
DA:51,1
DA:52,0
DA:53,0
DA:54,0
DA:55,0
DA:56,0
DA:64,0
DA:65,0
DA:66,0
DA:67,0
DA:68,0
DA:69,0
DA:73,0
LF:44
LH:5
BRF:0
BRH:0
end_of_record
TN:
SF:./app/js/arethusa/phaidra_treebank_retriever.js
FN:11,(anonymous_1)
FN:14,parseDocument
FN:63,parseMorph
FN:74,inferLanguage
FN:79,(anonymous_5)
FN:86,(anonymous_6)
FN:87,(anonymous_7)
FNF:7
FNH:0
FNDA:0,(anonymous_1)
FNDA:0,parseDocument
FNDA:0,parseMorph
FNDA:0,inferLanguage
FNDA:0,(anonymous_5)
FNDA:0,(anonymous_6)
FNDA:0,(anonymous_7)
DA:3,1
DA:14,1
DA:15,0
DA:16,0
DA:18,0
DA:20,0
DA:21,0
DA:22,0
DA:23,0
DA:24,0
DA:26,0
DA:27,0
DA:28,0
DA:31,0
DA:32,0
DA:33,0
DA:36,0
DA:41,0
DA:44,0
DA:45,0
DA:46,0
DA:51,0
DA:63,1
DA:64,0
DA:65,0
DA:66,0
DA:67,0
DA:68,0
DA:71,0
DA:74,1
DA:76,0
DA:79,0
DA:80,0
DA:81,0
DA:82,0
DA:84,0
DA:86,0
DA:87,0
DA:88,0
DA:89,0
DA:90,0
DA:91,0
LF:42
LH:4
BRDA:27,1,0,0
BRDA:27,1,1,0
BRDA:32,2,0,0
BRDA:32,2,1,0
BRDA:66,3,0,0
BRDA:66,3,1,0
BRDA:68,4,0,0
BRDA:68,4,1,0
BRF:8
BRH:0
end_of_record
TN:
SF:./app/js/arethusa/retriever_helper.js
FN:9,(anonymous_1)
FN:10,(anonymous_2)
FN:18,(anonymous_3)
FN:20,(anonymous_4)
FNF:4
FNH:3
FNDA:4,(anonymous_1)
FNDA:13,(anonymous_2)
FNDA:4,(anonymous_3)
FNDA:0,(anonymous_4)
DA:6,1
DA:10,4
DA:11,13
DA:12,13
DA:13,13
DA:14,13
DA:18,4
DA:19,4
DA:20,4
DA:21,0
LF:10
LH:9
BRF:0
BRH:0
end_of_record
TN:
SF:./app/js/arethusa/treebank_persister.js
FN:8,(anonymous_1)
FN:9,(anonymous_2)
FN:14,updateXml
FN:18,updateWord
FN:65,(anonymous_5)
FN:75,ArtificialNode
FN:90,idCreator
FN:95,updateSentence
FN:112,(anonymous_9)
FN:121,(anonymous_10)
FN:134,(anonymous_11)
FN:144,updateDocument
FN:150,(anonymous_13)
FN:155,doc
FN:159,(anonymous_15)
FN:166,(anonymous_16)
FNF:16
FNH:14
FNDA:4,(anonymous_1)
FNDA:4,(anonymous_2)
FNDA:6,updateXml
FNDA:13,updateWord
FNDA:0,(anonymous_5)
FNDA:3,ArtificialNode
FNDA:3,idCreator
FNDA:6,updateSentence
FNDA:10,(anonymous_9)
FNDA:0,(anonymous_10)
FNDA:3,(anonymous_11)
FNDA:6,updateDocument
FNDA:6,(anonymous_13)
FNDA:24,doc
FNDA:6,(anonymous_15)
FNDA:6,(anonymous_16)
DA:3,1
DA:9,4
DA:10,4
DA:11,4
DA:12,4
DA:14,1
DA:15,6
DA:18,1
DA:35,13
DA:36,13
DA:39,8
DA:42,5
DA:45,13
DA:46,13
DA:47,0
DA:49,13
DA:52,13
DA:53,13
DA:54,0
DA:55,0
DA:56,0
DA:58,13
DA:59,6
DA:63,13
DA:64,13
DA:65,0
DA:66,0
DA:69,13
DA:72,13
DA:75,1
DA:76,3
DA:85,3
DA:86,3
DA:89,4
DA:90,1
DA:91,3
DA:92,3
DA:95,1
DA:96,6
DA:99,6
DA:101,4
DA:106,4
DA:108,4
DA:109,4
DA:110,4
DA:111,4
DA:112,4
DA:113,10
DA:114,10
DA:115,10
DA:117,0
DA:121,4
DA:122,0
DA:134,4
DA:135,3
DA:136,3
DA:137,3
DA:138,3
DA:139,3
DA:141,4
DA:144,1
DA:145,6
DA:148,6
DA:150,6
DA:151,6
DA:155,1
DA:156,24
DA:159,4
DA:160,6
DA:161,6
DA:162,6
DA:163,6
DA:166,4
DA:167,6
DA:170,4
DA:171,4
DA:172,4
LF:77
LH:69
BRDA:36,1,0,8
BRDA:36,1,1,5
BRDA:36,2,0,13
BRDA:36,2,1,8
BRDA:39,3,0,8
BRDA:39,3,1,5
BRDA:42,4,0,0
BRDA:42,4,1,5
BRDA:46,5,0,0
BRDA:46,5,1,13
BRDA:49,6,0,6
BRDA:49,6,1,7
BRDA:53,7,0,0
BRDA:53,7,1,13
BRDA:54,8,0,0
BRDA:54,8,1,0
BRDA:55,9,0,0
BRDA:55,9,1,0
BRDA:56,10,0,0
BRDA:56,10,1,0
BRDA:58,11,0,6
BRDA:58,11,1,7
BRDA:58,12,0,13
BRDA:58,12,1,7
BRDA:64,13,0,0
BRDA:64,13,1,13
BRDA:69,14,0,0
BRDA:69,14,1,13
BRDA:86,15,0,3
BRDA:86,15,1,3
BRDA:99,16,0,2
BRDA:99,16,1,4
BRDA:114,17,0,10
BRDA:114,17,1,0
BRDA:163,18,0,6
BRDA:163,18,1,0
BRF:36
BRH:23
end_of_record
TN:
SF:./app/js/arethusa/treebank_retriever.js
FN:15,(anonymous_1)
FN:17,parseDocument
FN:24,parseEditors
FN:25,(anonymous_4)
FN:37,parseSentences
FN:38,(anonymous_6)
FN:45,parseSentence
FN:52,(anonymous_8)
FN:64,parseWord
FN:83,parseHead
FN:96,parseMorphology
FN:108,parseRelation
FN:117,parseSg
FN:124,parseArtificial
FN:135,extractArtificials
FN:136,(anonymous_16)
FN:141,extractArtificial
FN:147,generateInternalId
FN:158,padWithSentenceId
FN:163,extractCiteInfo
FN:178,findAdditionalConfInfo
FN:181,(anonymous_22)
FN:195,isHumanAnnotator
FN:202,(anonymous_24)
FN:209,(anonymous_25)
FN:219,(anonymous_26)
FN:225,(anonymous_27)
FNF:27
FNH:21
FNDA:4,(anonymous_1)
FNDA:4,parseDocument
FNDA:4,parseEditors
FNDA:0,(anonymous_4)
FNDA:4,parseSentences
FNDA:5,(anonymous_6)
FNDA:5,parseSentence
FNDA:8,(anonymous_8)
FNDA:8,parseWord
FNDA:8,parseHead
FNDA:8,parseMorphology
FNDA:8,parseRelation
FNDA:8,parseSg
FNDA:8,parseArtificial
FNDA:5,extractArtificials
FNDA:8,(anonymous_16)
FNDA:8,extractArtificial
FNDA:8,generateInternalId
FNDA:0,padWithSentenceId
FNDA:5,extractCiteInfo
FNDA:4,findAdditionalConfInfo
FNDA:0,(anonymous_22)
FNDA:0,isHumanAnnotator
FNDA:4,(anonymous_24)
FNDA:4,(anonymous_25)
FNDA:0,(anonymous_26)
FNDA:0,(anonymous_27)
DA:8,1
DA:17,1
DA:18,4
DA:19,4
DA:20,4
DA:21,4
DA:24,1
DA:25,4
DA:26,0
DA:27,0
DA:37,1
DA:38,4
DA:39,5
DA:40,5
DA:41,5
DA:45,1
DA:46,5
DA:47,5
DA:49,5
DA:51,5
DA:52,5
DA:53,8
DA:54,8
DA:55,8
DA:58,5
DA:59,5
DA:61,5
DA:64,1
DA:68,8
DA:70,8
DA:71,8
DA:72,8
DA:73,8
DA:74,8
DA:76,8
DA:77,8
DA:78,8
DA:80,8
DA:83,1
DA:84,8
DA:85,8
DA:86,0
DA:87,0
DA:88,0
DA:89,0
DA:91,0
DA:96,1
DA:97,8
DA:102,8
DA:103,8
DA:104,0
DA:108,1
DA:109,8
DA:110,8
DA:112,8
DA:117,1
DA:118,8
DA:119,8
DA:120,0
DA:124,1
DA:125,8
DA:126,0
DA:127,0
DA:135,1
DA:136,5
DA:137,8
DA:141,1
DA:142,8
DA:143,0
DA:147,1
DA:148,8
DA:149,0
DA:151,8
DA:158,1
DA:159,0
DA:163,1
DA:164,5
DA:165,5
DA:166,0
DA:168,5
DA:169,5
DA:170,5
DA:171,0
DA:173,5
DA:178,1
DA:179,4
DA:180,4
DA:181,4
DA:182,0
DA:184,4
DA:185,4
DA:187,0
DA:188,0
DA:190,0
DA:192,4
DA:195,1
DA:197,0
DA:202,4
DA:203,4
DA:204,4
DA:205,4
DA:207,4
DA:209,4
DA:210,4
DA:211,4
DA:212,4
DA:214,4
DA:215,4
DA:219,4
DA:220,0
DA:221,0
DA:222,0
DA:225,0
DA:226,0
LF:114
LH:88
BRDA:18,1,0,4
BRDA:18,1,1,4
BRDA:26,2,0,0
BRDA:26,2,1,0
BRDA:54,3,0,5
BRDA:54,3,1,3
BRDA:85,4,0,0
BRDA:85,4,1,8
BRDA:85,5,0,8
BRDA:85,5,1,0
BRDA:89,6,0,0
BRDA:89,6,1,0
BRDA:103,7,0,0
BRDA:103,7,1,8
BRDA:110,8,0,0
BRDA:110,8,1,8
BRDA:110,9,0,8
BRDA:110,9,1,0
BRDA:119,10,0,0
BRDA:119,10,1,8
BRDA:119,11,0,8
BRDA:119,11,1,0
BRDA:125,12,0,0
BRDA:125,12,1,8
BRDA:142,13,0,0
BRDA:142,13,1,8
BRDA:148,14,0,0
BRDA:148,14,1,8
BRDA:159,15,0,0
BRDA:159,15,1,0
BRDA:165,16,0,0
BRDA:165,16,1,5
BRDA:170,17,0,0
BRDA:170,17,1,5
BRDA:180,18,0,0
BRDA:180,18,1,4
BRDA:185,19,0,0
BRDA:185,19,1,4
BRDA:187,20,0,0
BRDA:187,20,1,0
BRDA:197,21,0,0
BRDA:197,21,1,0
BRDA:220,22,0,0
BRDA:220,22,1,0
BRF:44
BRH:18
end_of_record
TN:
SF:./app/js/arethusa/version.js
FNF:0
FNH:0
DA:3,1
LF:1
LH:1
BRF:0
BRH:0
end_of_record
